<?xml version="1.0" encoding="UTF-8"?>
<coverage generated="1778050014247" clover="3.2.0">
  <project timestamp="1778050014248" name="All files">
    <metrics statements="461" coveredstatements="302" conditionals="286" coveredconditionals="155" methods="180" coveredmethods="103" elements="927" coveredelements="560" complexity="0" loc="461" ncloc="461" packages="6" files="13" classes="13"/>
    <package name="components">
      <metrics statements="4" coveredstatements="4" conditionals="4" coveredconditionals="4" methods="2" coveredmethods="2"/>
      <file name="ProtectedRoute.tsx" path="/home/italo/Projetos/InsightPro-Agricola/src/components/ProtectedRoute.tsx">
        <metrics statements="4" coveredstatements="4" conditionals="4" coveredconditionals="4" methods="2" coveredmethods="2"/>
        <line num="6" count="2" type="stmt"/>
        <line num="7" count="2" type="cond" truecount="2" falsecount="0"/>
        <line num="11" count="7" type="stmt"/>
        <line num="12" count="7" type="cond" truecount="2" falsecount="0"/>
      </file>
    </package>
    <package name="data">
      <metrics statements="1" coveredstatements="1" conditionals="0" coveredconditionals="0" methods="0" coveredmethods="0"/>
      <file name="cidades.ts" path="/home/italo/Projetos/InsightPro-Agricola/src/data/cidades.ts">
        <metrics statements="1" coveredstatements="1" conditionals="0" coveredconditionals="0" methods="0" coveredmethods="0"/>
        <line num="1" count="1" type="stmt"/>
      </file>
    </package>
    <package name="hooks">
      <metrics statements="10" coveredstatements="2" conditionals="4" coveredconditionals="0" methods="5" coveredmethods="2"/>
      <file name="useTheme.ts" path="/home/italo/Projetos/InsightPro-Agricola/src/hooks/useTheme.ts">
        <metrics statements="10" coveredstatements="2" conditionals="4" coveredconditionals="0" methods="5" coveredmethods="2"/>
        <line num="5" count="0" type="cond" truecount="0" falsecount="2"/>
        <line num="7" count="0" type="stmt"/>
        <line num="8" count="0" type="stmt"/>
        <line num="11" count="0" type="stmt"/>
        <line num="12" count="0" type="cond" truecount="0" falsecount="2"/>
        <line num="13" count="0" type="stmt"/>
        <line num="14" count="0" type="stmt"/>
        <line num="17" count="0" type="stmt"/>
        <line num="21" count="80" type="stmt"/>
        <line num="22" count="8" type="stmt"/>
      </file>
    </package>
    <package name="lib">
      <metrics statements="109" coveredstatements="72" conditionals="51" coveredconditionals="39" methods="35" coveredmethods="24"/>
      <file name="downloadUtils.tsx" path="/home/italo/Projetos/InsightPro-Agricola/src/lib/downloadUtils.tsx">
        <metrics statements="34" coveredstatements="3" conditionals="9" coveredconditionals="3" methods="8" coveredmethods="1"/>
        <line num="2" count="80" type="cond" truecount="2" falsecount="0"/>
        <line num="4" count="33" type="stmt"/>
        <line num="5" count="0" type="stmt"/>
        <line num="6" count="0" type="stmt"/>
        <line num="7" count="0" type="stmt"/>
        <line num="9" count="0" type="stmt"/>
        <line num="10" count="0" type="stmt"/>
        <line num="11" count="0" type="stmt"/>
        <line num="12" count="0" type="stmt"/>
        <line num="13" count="0" type="stmt"/>
        <line num="14" count="0" type="stmt"/>
        <line num="15" count="0" type="stmt"/>
        <line num="16" count="0" type="stmt"/>
        <line num="18" count="0" type="stmt"/>
        <line num="19" count="0" type="stmt"/>
        <line num="20" count="0" type="stmt"/>
        <line num="22" count="0" type="stmt"/>
        <line num="23" count="0" type="stmt"/>
        <line num="24" count="0" type="stmt"/>
        <line num="25" count="0" type="stmt"/>
        <line num="26" count="0" type="stmt"/>
        <line num="27" count="0" type="stmt"/>
        <line num="29" count="0" type="stmt"/>
        <line num="30" count="0" type="stmt"/>
        <line num="31" count="0" type="cond" truecount="0" falsecount="2"/>
        <line num="32" count="0" type="cond" truecount="0" falsecount="2"/>
        <line num="33" count="0" type="stmt"/>
        <line num="34" count="0" type="stmt"/>
        <line num="36" count="0" type="stmt"/>
        <line num="37" count="0" type="stmt"/>
        <line num="38" count="0" type="cond" truecount="0" falsecount="2"/>
        <line num="40" count="0" type="stmt"/>
        <line num="43" count="0" type="stmt"/>
        <line num="46" count="33" type="stmt"/>
      </file>
      <file name="localDB.ts" path="/home/italo/Projetos/InsightPro-Agricola/src/lib/localDB.ts">
        <metrics statements="26" coveredstatements="20" conditionals="6" coveredconditionals="6" methods="14" coveredmethods="10"/>
        <line num="1" count="5" type="stmt"/>
        <line num="3" count="5" type="stmt"/>
        <line num="16" count="5" type="stmt"/>
        <line num="18" count="135" type="stmt"/>
        <line num="19" count="135" type="stmt"/>
        <line num="20" count="135" type="cond" truecount="2" falsecount="0"/>
        <line num="22" count="0" type="stmt"/>
        <line num="27" count="73" type="stmt"/>
        <line num="31" count="0" type="stmt"/>
        <line num="35" count="0" type="stmt"/>
        <line num="39" count="123" type="cond" truecount="2" falsecount="0"/>
        <line num="43" count="16" type="stmt"/>
        <line num="44" count="16" type="stmt"/>
        <line num="45" count="16" type="stmt"/>
        <line num="46" count="16" type="stmt"/>
        <line num="50" count="3" type="stmt"/>
        <line num="51" count="4" type="cond" truecount="2" falsecount="0"/>
        <line num="53" count="3" type="stmt"/>
        <line num="54" count="3" type="stmt"/>
        <line num="58" count="0" type="stmt"/>
        <line num="62" count="4" type="stmt"/>
        <line num="63" count="3" type="stmt"/>
        <line num="64" count="3" type="stmt"/>
        <line num="68" count="0" type="stmt"/>
        <line num="69" count="0" type="stmt"/>
        <line num="73" count="10" type="stmt"/>
      </file>
      <file name="validators.ts" path="/home/italo/Projetos/InsightPro-Agricola/src/lib/validators.ts">
        <metrics statements="49" coveredstatements="49" conditionals="36" coveredconditionals="30" methods="13" coveredmethods="13"/>
        <line num="7" count="45" type="stmt"/>
        <line num="11" count="76" type="stmt"/>
        <line num="12" count="8" type="stmt"/>
        <line num="13" count="8" type="cond" truecount="1" falsecount="1"/>
        <line num="17" count="75" type="stmt"/>
        <line num="18" count="6" type="stmt"/>
        <line num="19" count="6" type="cond" truecount="1" falsecount="1"/>
        <line num="23" count="20" type="stmt"/>
        <line num="25" count="20" type="cond" truecount="2" falsecount="0"/>
        <line num="26" count="41" type="cond" truecount="2" falsecount="0"/>
        <line num="28" count="4" type="stmt"/>
        <line num="29" count="4" type="stmt"/>
        <line num="30" count="4" type="cond" truecount="1" falsecount="1"/>
        <line num="32" count="4" type="stmt"/>
        <line num="33" count="4" type="stmt"/>
        <line num="34" count="4" type="cond" truecount="2" falsecount="0"/>
        <line num="36" count="3" type="stmt"/>
        <line num="37" count="3" type="stmt"/>
        <line num="39" count="3" type="stmt"/>
        <line num="43" count="4" type="stmt"/>
        <line num="45" count="4" type="cond" truecount="1" falsecount="1"/>
        <line num="46" count="23" type="cond" truecount="2" falsecount="0"/>
        <line num="48" count="3" type="stmt"/>
        <line num="49" count="3" type="stmt"/>
        <line num="50" count="3" type="cond" truecount="1" falsecount="1"/>
        <line num="52" count="3" type="stmt"/>
        <line num="53" count="3" type="stmt"/>
        <line num="54" count="3" type="cond" truecount="2" falsecount="0"/>
        <line num="56" count="2" type="stmt"/>
        <line num="57" count="2" type="stmt"/>
        <line num="59" count="2" type="stmt"/>
        <line num="63" count="17" type="stmt"/>
        <line num="64" count="17" type="cond" truecount="2" falsecount="0"/>
        <line num="65" count="16" type="stmt"/>
        <line num="66" count="16" type="cond" truecount="2" falsecount="0"/>
        <line num="68" count="1" type="stmt"/>
        <line num="69" count="1" type="cond" truecount="1" falsecount="1"/>
        <line num="73" count="4" type="stmt"/>
        <line num="75" count="4" type="cond" truecount="4" falsecount="0"/>
        <line num="76" count="1" type="stmt"/>
        <line num="79" count="3" type="stmt"/>
        <line num="80" count="3" type="cond" truecount="2" falsecount="0"/>
        <line num="83" count="2" type="cond" truecount="2" falsecount="0"/>
        <line num="84" count="1" type="stmt"/>
        <line num="86" count="1" type="stmt"/>
        <line num="89" count="2" type="stmt"/>
        <line num="93" count="3" type="cond" truecount="2" falsecount="0"/>
        <line num="94" count="2" type="stmt"/>
        <line num="98" count="2" type="stmt"/>
      </file>
    </package>
    <package name="pages">
      <metrics statements="231" coveredstatements="143" conditionals="195" coveredconditionals="91" methods="106" coveredmethods="50"/>
      <file name="ClientesCadastroPage.tsx" path="/home/italo/Projetos/InsightPro-Agricola/src/pages/ClientesCadastroPage.tsx">
        <metrics statements="150" coveredstatements="84" conditionals="130" coveredconditionals="55" methods="67" coveredmethods="29"/>
        <line num="10" count="1" type="stmt"/>
        <line num="11" count="1" type="stmt"/>
        <line num="12" count="1" type="stmt"/>
        <line num="14" count="1" type="stmt"/>
        <line num="35" count="74" type="stmt"/>
        <line num="36" count="74" type="stmt"/>
        <line num="37" count="74" type="stmt"/>
        <line num="38" count="74" type="stmt"/>
        <line num="39" count="74" type="stmt"/>
        <line num="40" count="74" type="stmt"/>
        <line num="41" count="74" type="stmt"/>
        <line num="42" count="74" type="stmt"/>
        <line num="43" count="74" type="stmt"/>
        <line num="44" count="74" type="stmt"/>
        <line num="45" count="74" type="stmt"/>
        <line num="46" count="74" type="stmt"/>
        <line num="47" count="74" type="stmt"/>
        <line num="48" count="74" type="stmt"/>
        <line num="50" count="74" type="cond" truecount="2" falsecount="0"/>
        <line num="51" count="74" type="cond" truecount="1" falsecount="1"/>
        <line num="52" count="74" type="cond" truecount="1" falsecount="1"/>
        <line num="54" count="74" type="stmt"/>
        <line num="55" count="11" type="cond" truecount="4" falsecount="0"/>
        <line num="56" count="1" type="cond" truecount="1" falsecount="1"/>
        <line num="57" count="11" type="stmt"/>
        <line num="58" count="11" type="stmt"/>
        <line num="59" count="69" type="stmt"/>
        <line num="63" count="74" type="stmt"/>
        <line num="64" count="0" type="stmt"/>
        <line num="65" count="0" type="stmt"/>
        <line num="66" count="0" type="stmt"/>
        <line num="67" count="0" type="stmt"/>
        <line num="70" count="74" type="stmt"/>
        <line num="71" count="0" type="cond" truecount="0" falsecount="4"/>
        <line num="72" count="0" type="cond" truecount="0" falsecount="2"/>
        <line num="73" count="0" type="stmt"/>
        <line num="74" count="0" type="stmt"/>
        <line num="75" count="0" type="cond" truecount="0" falsecount="2"/>
        <line num="76" count="0" type="stmt"/>
        <line num="77" count="0" type="stmt"/>
        <line num="78" count="0" type="cond" truecount="0" falsecount="4"/>
        <line num="79" count="0" type="stmt"/>
        <line num="80" count="0" type="stmt"/>
        <line num="81" count="0" type="cond" truecount="0" falsecount="2"/>
        <line num="82" count="0" type="stmt"/>
        <line num="83" count="0" type="stmt"/>
        <line num="87" count="74" type="stmt"/>
        <line num="88" count="74" type="stmt"/>
        <line num="90" count="74" type="stmt"/>
        <line num="91" count="3" type="cond" truecount="1" falsecount="1"/>
        <line num="92" count="3" type="cond" truecount="2" falsecount="0"/>
        <line num="93" count="1" type="stmt"/>
        <line num="94" count="1" type="stmt"/>
        <line num="96" count="2" type="stmt"/>
        <line num="97" count="2" type="stmt"/>
        <line num="98" count="2" type="stmt"/>
        <line num="99" count="2" type="stmt"/>
        <line num="101" count="3" type="stmt"/>
        <line num="102" count="3" type="stmt"/>
        <line num="103" count="3" type="stmt"/>
        <line num="104" count="3" type="stmt"/>
        <line num="105" count="3" type="cond" truecount="2" falsecount="0"/>
        <line num="106" count="2" type="stmt"/>
        <line num="108" count="3" type="stmt"/>
        <line num="111" count="74" type="stmt"/>
        <line num="112" count="1" type="stmt"/>
        <line num="113" count="1" type="stmt"/>
        <line num="114" count="1" type="cond" truecount="1" falsecount="1"/>
        <line num="115" count="1" type="stmt"/>
        <line num="118" count="74" type="stmt"/>
        <line num="119" count="1" type="stmt"/>
        <line num="120" count="1" type="stmt"/>
        <line num="121" count="1" type="cond" truecount="1" falsecount="1"/>
        <line num="122" count="0" type="stmt"/>
        <line num="123" count="0" type="stmt"/>
        <line num="124" count="0" type="stmt"/>
        <line num="128" count="74" type="stmt"/>
        <line num="129" count="0" type="cond" truecount="0" falsecount="2"/>
        <line num="130" count="0" type="cond" truecount="0" falsecount="2"/>
        <line num="132" count="0" type="stmt"/>
        <line num="133" count="0" type="stmt"/>
        <line num="137" count="74" type="stmt"/>
        <line num="138" count="150" type="cond" truecount="2" falsecount="0"/>
        <line num="139" count="30" type="cond" truecount="1" falsecount="1"/>
        <line num="142" count="74" type="stmt"/>
        <line num="143" count="9" type="stmt"/>
        <line num="144" count="0" type="stmt"/>
        <line num="145" count="0" type="stmt"/>
        <line num="146" count="0" type="cond" truecount="0" falsecount="4"/>
        <line num="147" count="0" type="cond" truecount="0" falsecount="2"/>
        <line num="149" count="0" type="cond" truecount="0" falsecount="4"/>
        <line num="150" count="0" type="cond" truecount="0" falsecount="2"/>
        <line num="152" count="0" type="stmt"/>
        <line num="156" count="74" type="stmt"/>
        <line num="157" count="9" type="stmt"/>
        <line num="173" count="74" type="stmt"/>
        <line num="174" count="30" type="cond" truecount="1" falsecount="1"/>
        <line num="175" count="30" type="cond" truecount="1" falsecount="1"/>
        <line num="176" count="30" type="stmt"/>
        <line num="179" count="74" type="stmt"/>
        <line num="225" count="45" type="stmt"/>
        <line num="235" count="14" type="stmt"/>
        <line num="236" count="14" type="stmt"/>
        <line num="239" count="1" type="cond" truecount="3" falsecount="1"/>
        <line num="240" count="0" type="stmt"/>
        <line num="259" count="0" type="stmt"/>
        <line num="261" count="0" type="cond" truecount="0" falsecount="4"/>
        <line num="262" count="0" type="stmt"/>
        <line num="282" count="0" type="stmt"/>
        <line num="300" count="2" type="stmt"/>
        <line num="301" count="2" type="stmt"/>
        <line num="305" count="1998" type="stmt"/>
        <line num="316" count="0" type="stmt"/>
        <line num="317" count="0" type="stmt"/>
        <line num="318" count="0" type="stmt"/>
        <line num="320" count="0" type="cond" truecount="0" falsecount="2"/>
        <line num="322" count="0" type="stmt"/>
        <line num="332" count="0" type="stmt"/>
        <line num="333" count="0" type="stmt"/>
        <line num="337" count="0" type="stmt"/>
        <line num="353" count="2" type="stmt"/>
        <line num="355" count="1332" type="stmt"/>
        <line num="361" count="0" type="stmt"/>
        <line num="362" count="222" type="stmt"/>
        <line num="368" count="0" type="cond" truecount="2" falsecount="0"/>
        <line num="372" count="0" type="cond" truecount="2" falsecount="0"/>
        <line num="376" count="0" type="cond" truecount="2" falsecount="0"/>
        <line num="380" count="0" type="stmt"/>
        <line num="389" count="0" type="stmt"/>
        <line num="398" count="0" type="stmt"/>
        <line num="399" count="0" type="stmt"/>
        <line num="400" count="0" type="stmt"/>
        <line num="416" count="0" type="stmt"/>
        <line num="417" count="0" type="cond" truecount="0" falsecount="2"/>
        <line num="418" count="0" type="stmt"/>
        <line num="425" count="0" type="stmt"/>
        <line num="431" count="0" type="stmt"/>
        <line num="440" count="0" type="stmt"/>
        <line num="461" count="0" type="stmt"/>
        <line num="462" count="0" type="stmt"/>
        <line num="463" count="0" type="stmt"/>
        <line num="464" count="0" type="stmt"/>
        <line num="465" count="0" type="stmt"/>
        <line num="472" count="30" type="cond" truecount="2" falsecount="0"/>
        <line num="489" count="1" type="stmt"/>
        <line num="490" count="1" type="stmt"/>
        <line num="503" count="0" type="stmt"/>
        <line num="504" count="1" type="stmt"/>
        <line num="510" count="0" type="stmt"/>
        <line num="511" count="1" type="stmt"/>
      </file>
      <file name="ClientesPage.tsx" path="/home/italo/Projetos/InsightPro-Agricola/src/pages/ClientesPage.tsx">
        <metrics statements="66" coveredstatements="44" conditionals="55" coveredconditionals="29" methods="35" coveredmethods="17"/>
        <line num="9" count="15" type="stmt"/>
        <line num="10" count="27" type="stmt"/>
        <line num="11" count="15" type="stmt"/>
        <line num="12" count="15" type="stmt"/>
        <line num="13" count="21" type="stmt"/>
        <line num="14" count="21" type="cond" truecount="2" falsecount="0"/>
        <line num="15" count="15" type="cond" truecount="2" falsecount="0"/>
        <line num="16" count="15" type="cond" truecount="2" falsecount="0"/>
        <line num="17" count="6" type="cond" truecount="1" falsecount="1"/>
        <line num="18" count="6" type="stmt"/>
        <line num="21" count="0" type="stmt"/>
        <line num="25" count="6" type="stmt"/>
        <line num="26" count="6" type="stmt"/>
        <line num="27" count="6" type="stmt"/>
        <line num="28" count="6" type="stmt"/>
        <line num="29" count="6" type="stmt"/>
        <line num="30" count="6" type="stmt"/>
        <line num="31" count="6" type="stmt"/>
        <line num="33" count="6" type="cond" truecount="2" falsecount="0"/>
        <line num="35" count="6" type="stmt"/>
        <line num="36" count="5" type="cond" truecount="1" falsecount="2"/>
        <line num="41" count="6" type="stmt"/>
        <line num="42" count="6" type="stmt"/>
        <line num="43" count="6" type="stmt"/>
        <line num="45" count="6" type="stmt"/>
        <line num="46" count="2" type="stmt"/>
        <line num="47" count="2" type="stmt"/>
        <line num="48" count="2" type="cond" truecount="3" falsecount="1"/>
        <line num="49" count="2" type="cond" truecount="1" falsecount="1"/>
        <line num="51" count="0" type="cond" truecount="0" falsecount="4"/>
        <line num="52" count="0" type="cond" truecount="0" falsecount="2"/>
        <line num="54" count="0" type="stmt"/>
        <line num="57" count="6" type="stmt"/>
        <line num="68" count="6" type="stmt"/>
        <line num="69" count="6" type="stmt"/>
        <line num="71" count="6" type="stmt"/>
        <line num="72" count="10" type="stmt"/>
        <line num="74" count="6" type="stmt"/>
        <line num="75" count="0" type="cond" truecount="0" falsecount="2"/>
        <line num="76" count="0" type="cond" truecount="0" falsecount="2"/>
        <line num="78" count="0" type="stmt"/>
        <line num="79" count="0" type="stmt"/>
        <line num="83" count="6" type="stmt"/>
        <line num="84" count="21" type="cond" truecount="2" falsecount="0"/>
        <line num="85" count="3" type="cond" truecount="1" falsecount="1"/>
        <line num="88" count="6" type="stmt"/>
        <line num="89" count="6" type="stmt"/>
        <line num="90" count="6" type="stmt"/>
        <line num="91" count="6" type="stmt"/>
        <line num="92" count="6" type="stmt"/>
        <line num="95" count="6" type="stmt"/>
        <line num="167" count="0" type="stmt"/>
        <line num="188" count="0" type="stmt"/>
        <line num="189" count="0" type="stmt"/>
        <line num="190" count="0" type="stmt"/>
        <line num="191" count="0" type="stmt"/>
        <line num="192" count="0" type="stmt"/>
        <line num="193" count="0" type="stmt"/>
        <line num="194" count="0" type="stmt"/>
        <line num="200" count="5" type="stmt"/>
        <line num="224" count="0" type="stmt"/>
        <line num="228" count="0" type="stmt"/>
        <line num="229" count="0" type="cond" truecount="0" falsecount="3"/>
        <line num="231" count="0" type="stmt"/>
        <line num="235" count="0" type="stmt"/>
        <line num="244" count="0" type="stmt"/>
      </file>
      <file name="LoginPage.tsx" path="/home/italo/Projetos/InsightPro-Agricola/src/pages/LoginPage.tsx">
        <metrics statements="15" coveredstatements="15" conditionals="10" coveredconditionals="7" methods="4" coveredmethods="4"/>
        <line num="7" count="30" type="stmt"/>
        <line num="8" count="30" type="stmt"/>
        <line num="9" count="30" type="stmt"/>
        <line num="10" count="30" type="stmt"/>
        <line num="11" count="30" type="stmt"/>
        <line num="13" count="30" type="stmt"/>
        <line num="14" count="2" type="stmt"/>
        <line num="15" count="2" type="stmt"/>
        <line num="16" count="2" type="cond" truecount="2" falsecount="0"/>
        <line num="17" count="1" type="stmt"/>
        <line num="19" count="1" type="stmt"/>
        <line num="23" count="30" type="stmt"/>
        <line num="25" count="30" type="stmt"/>
        <line num="70" count="10" type="stmt"/>
        <line num="83" count="16" type="stmt"/>
      </file>
    </package>
    <package name="store">
      <metrics statements="106" coveredstatements="80" conditionals="32" coveredconditionals="21" methods="32" coveredmethods="25"/>
      <file name="AuthContext.tsx" path="/home/italo/Projetos/InsightPro-Agricola/src/store/AuthContext.tsx">
        <metrics statements="18" coveredstatements="18" conditionals="4" coveredconditionals="4" methods="5" coveredmethods="5"/>
        <line num="4" count="3" type="stmt"/>
        <line num="6" count="3" type="stmt"/>
        <line num="12" count="22" type="stmt"/>
        <line num="13" count="14" type="stmt"/>
        <line num="16" count="22" type="stmt"/>
        <line num="17" count="8" type="cond" truecount="2" falsecount="0"/>
        <line num="18" count="6" type="stmt"/>
        <line num="19" count="6" type="stmt"/>
        <line num="20" count="6" type="stmt"/>
        <line num="22" count="2" type="stmt"/>
        <line num="25" count="22" type="stmt"/>
        <line num="26" count="2" type="stmt"/>
        <line num="27" count="2" type="stmt"/>
        <line num="30" count="22" type="stmt"/>
        <line num="38" count="55" type="stmt"/>
        <line num="39" count="55" type="cond" truecount="2" falsecount="0"/>
        <line num="40" count="2" type="stmt"/>
        <line num="42" count="52" type="stmt"/>
      </file>
      <file name="DataContext.tsx" path="/home/italo/Projetos/InsightPro-Agricola/src/store/DataContext.tsx">
        <metrics statements="66" coveredstatements="45" conditionals="22" coveredconditionals="14" methods="17" coveredmethods="15"/>
        <line num="6" count="4" type="stmt"/>
        <line num="9" count="39" type="stmt"/>
        <line num="10" count="19" type="stmt"/>
        <line num="13" count="39" type="stmt"/>
        <line num="15" count="39" type="stmt"/>
        <line num="16" count="36" type="stmt"/>
        <line num="19" count="39" type="stmt"/>
        <line num="20" count="9" type="stmt"/>
        <line num="21" count="9" type="stmt"/>
        <line num="24" count="39" type="stmt"/>
        <line num="25" count="2" type="stmt"/>
        <line num="26" count="2" type="stmt"/>
        <line num="29" count="39" type="stmt"/>
        <line num="30" count="2" type="stmt"/>
        <line num="31" count="2" type="stmt"/>
        <line num="34" count="39" type="stmt"/>
        <line num="35" count="27" type="stmt"/>
        <line num="36" count="4" type="cond" truecount="1" falsecount="1"/>
        <line num="37" count="4" type="stmt"/>
        <line num="38" count="4" type="cond" truecount="1" falsecount="1"/>
        <line num="39" count="4" type="stmt"/>
        <line num="41" count="0" type="cond" truecount="0" falsecount="2"/>
        <line num="42" count="0" type="stmt"/>
        <line num="44" count="0" type="stmt"/>
        <line num="48" count="39" type="stmt"/>
        <line num="49" count="2" type="stmt"/>
        <line num="52" count="39" type="stmt"/>
        <line num="53" count="1" type="stmt"/>
        <line num="56" count="39" type="stmt"/>
        <line num="57" count="4" type="stmt"/>
        <line num="60" count="40" type="stmt"/>
        <line num="63" count="4" type="stmt"/>
        <line num="64" count="6" type="stmt"/>
        <line num="65" count="72" type="stmt"/>
        <line num="66" count="152" type="stmt"/>
        <line num="67" count="152" type="cond" truecount="2" falsecount="0"/>
        <line num="69" count="36" type="stmt"/>
        <line num="72" count="6" type="stmt"/>
        <line num="90" count="4" type="stmt"/>
        <line num="91" count="4" type="stmt"/>
        <line num="92" count="4" type="stmt"/>
        <line num="93" count="4" type="stmt"/>
        <line num="96" count="39" type="stmt"/>
        <line num="97" count="0" type="stmt"/>
        <line num="98" count="0" type="stmt"/>
        <line num="99" count="0" type="stmt"/>
        <line num="100" count="0" type="stmt"/>
        <line num="101" count="0" type="stmt"/>
        <line num="102" count="0" type="stmt"/>
        <line num="105" count="39" type="stmt"/>
        <line num="106" count="0" type="stmt"/>
        <line num="107" count="0" type="cond" truecount="0" falsecount="2"/>
        <line num="108" count="0" type="stmt"/>
        <line num="109" count="0" type="stmt"/>
        <line num="110" count="0" type="stmt"/>
        <line num="111" count="0" type="stmt"/>
        <line num="112" count="0" type="stmt"/>
        <line num="113" count="0" type="stmt"/>
        <line num="114" count="0" type="stmt"/>
        <line num="115" count="0" type="stmt"/>
        <line num="116" count="0" type="stmt"/>
        <line num="119" count="39" type="stmt"/>
        <line num="140" count="106" type="stmt"/>
        <line num="141" count="106" type="cond" truecount="1" falsecount="1"/>
        <line num="142" count="0" type="stmt"/>
        <line num="144" count="106" type="stmt"/>
      </file>
      <file name="PageContext.tsx" path="/home/italo/Projetos/InsightPro-Agricola/src/store/PageContext.tsx">
        <metrics statements="8" coveredstatements="5" conditionals="0" coveredconditionals="0" methods="4" coveredmethods="1"/>
        <line num="9" count="1" type="stmt"/>
        <line num="16" count="4" type="stmt"/>
        <line num="17" count="4" type="stmt"/>
        <line num="19" count="4" type="stmt"/>
        <line num="20" count="0" type="stmt"/>
        <line num="21" count="0" type="stmt"/>
        <line num="24" count="4" type="stmt"/>
        <line num="32" count="0" type="stmt"/>
      </file>
      <file name="ThemeContext.tsx" path="/home/italo/Projetos/InsightPro-Agricola/src/store/ThemeContext.tsx">
        <metrics statements="14" coveredstatements="12" conditionals="6" coveredconditionals="3" methods="6" coveredmethods="4"/>
        <line num="4" count="1" type="stmt"/>
        <line num="7" count="4" type="stmt"/>
        <line num="8" count="4" type="stmt"/>
        <line num="9" count="4" type="cond" truecount="2" falsecount="0"/>
        <line num="12" count="4" type="stmt"/>
        <line num="13" count="4" type="stmt"/>
        <line num="14" count="4" type="stmt"/>
        <line num="17" count="4" type="stmt"/>
        <line num="18" count="0" type="cond" truecount="0" falsecount="2"/>
        <line num="21" count="4" type="stmt"/>
        <line num="29" count="30" type="stmt"/>
        <line num="30" count="30" type="cond" truecount="1" falsecount="1"/>
        <line num="31" count="0" type="stmt"/>
        <line num="33" count="30" type="stmt"/>
      </file>
    </package>
  </project>
</coverage>
