{"/home/italo/Projetos/InsightPro-Agricola/src/components/ProtectedRoute.tsx": {"path":"/home/italo/Projetos/InsightPro-Agricola/src/components/ProtectedRoute.tsx","statementMap":{"0":{"start":{"line":6,"column":10},"end":{"line":6,"column":39}},"1":{"start":{"line":7,"column":2},"end":{"line":7,"column":null}},"2":{"start":{"line":11,"column":10},"end":{"line":11,"column":39}},"3":{"start":{"line":12,"column":2},"end":{"line":12,"column":null}}},"fnMap":{"0":{"name":"AuthRoute","decl":{"start":{"line":5,"column":16},"end":{"line":5,"column":26}},"loc":{"start":{"line":5,"column":65},"end":{"line":7,"column":null}},"line":5},"1":{"name":"PublicRoute","decl":{"start":{"line":10,"column":16},"end":{"line":10,"column":28}},"loc":{"start":{"line":10,"column":67},"end":{"line":12,"column":null}},"line":10}},"branchMap":{"0":{"loc":{"start":{"line":7,"column":9},"end":{"line":7,"column":null}},"type":"cond-expr","locations":[{"start":{"line":7,"column":27},"end":{"line":7,"column":38}},{"start":{"line":7,"column":38},"end":{"line":7,"column":null}}],"line":7},"1":{"loc":{"start":{"line":12,"column":9},"end":{"line":12,"column":null}},"type":"cond-expr","locations":[{"start":{"line":12,"column":27},"end":{"line":12,"column":null}},{"start":{"line":12,"column":63},"end":{"line":12,"column":null}}],"line":12}},"s":{"0":2,"1":2,"2":7,"3":7},"f":{"0":2,"1":7},"b":{"0":[1,1],"1":[3,4]},"meta":{"lastBranch":2,"lastFunction":2,"lastStatement":4,"seen":{"f:5:16:5:26":0,"s:6:10:6:39":0,"s:7:2:7:Infinity":1,"b:7:27:7:38:7:38:7:Infinity":0,"f:10:16:10:28":1,"s:11:10:11:39":2,"s:12:2:12:Infinity":3,"b:12:27:12:Infinity:12:63:12:Infinity":1}}}
,"/home/italo/Projetos/InsightPro-Agricola/src/data/cidades.ts": {"path":"/home/italo/Projetos/InsightPro-Agricola/src/data/cidades.ts","statementMap":{"0":{"start":{"line":1,"column":58},"end":{"line":1008,"column":null}}},"fnMap":{},"branchMap":{},"s":{"0":1},"f":{},"b":{},"meta":{"lastBranch":0,"lastFunction":0,"lastStatement":1,"seen":{"s:1:58:1008:Infinity":0}}}
,"/home/italo/Projetos/InsightPro-Agricola/src/hooks/useTheme.ts": {"path":"/home/italo/Projetos/InsightPro-Agricola/src/hooks/useTheme.ts","statementMap":{"0":{"start":{"line":5,"column":17},"end":{"line":5,"column":null}},"1":{"start":{"line":7,"column":2},"end":{"line":9,"column":null}},"2":{"start":{"line":8,"column":4},"end":{"line":8,"column":null}},"3":{"start":{"line":11,"column":8},"end":{"line":14,"column":null}},"4":{"start":{"line":12,"column":21},"end":{"line":12,"column":null}},"5":{"start":{"line":13,"column":4},"end":{"line":13,"column":null}},"6":{"start":{"line":14,"column":4},"end":{"line":14,"column":null}},"7":{"start":{"line":17,"column":2},"end":{"line":17,"column":null}},"8":{"start":{"line":21,"column":2},"end":{"line":23,"column":null}},"9":{"start":{"line":22,"column":4},"end":{"line":22,"column":null}}},"fnMap":{"0":{"name":"useTheme","decl":{"start":{"line":4,"column":16},"end":{"line":4,"column":27}},"loc":{"start":{"line":4,"column":27},"end":{"line":17,"column":null}},"line":4},"1":{"name":"(anonymous_1)","decl":{"start":{"line":7,"column":2},"end":{"line":7,"column":18}},"loc":{"start":{"line":7,"column":18},"end":{"line":9,"column":7}},"line":7},"2":{"name":"(anonymous_2)","decl":{"start":{"line":11,"column":8},"end":{"line":11,"column":28}},"loc":{"start":{"line":11,"column":28},"end":{"line":14,"column":null}},"line":11},"3":{"name":"usePageTitle","decl":{"start":{"line":20,"column":16},"end":{"line":20,"column":29}},"loc":{"start":{"line":20,"column":44},"end":{"line":23,"column":null}},"line":20},"4":{"name":"(anonymous_4)","decl":{"start":{"line":21,"column":2},"end":{"line":21,"column":18}},"loc":{"start":{"line":21,"column":18},"end":{"line":23,"column":6}},"line":21}},"branchMap":{"0":{"loc":{"start":{"line":5,"column":17},"end":{"line":5,"column":null}},"type":"binary-expr","locations":[{"start":{"line":5,"column":17},"end":{"line":5,"column":46}},{"start":{"line":5,"column":50},"end":{"line":5,"column":null}}],"line":5},"1":{"loc":{"start":{"line":12,"column":21},"end":{"line":12,"column":null}},"type":"cond-expr","locations":[{"start":{"line":12,"column":41},"end":{"line":12,"column":50}},{"start":{"line":12,"column":50},"end":{"line":12,"column":null}}],"line":12}},"s":{"0":0,"1":0,"2":0,"3":0,"4":0,"5":0,"6":0,"7":0,"8":80,"9":8},"f":{"0":0,"1":0,"2":0,"3":80,"4":8},"b":{"0":[0,0],"1":[0,0]},"meta":{"lastBranch":2,"lastFunction":5,"lastStatement":10,"seen":{"f:4:16:4:27":0,"s:5:17:5:Infinity":0,"b:5:17:5:46:5:50:5:Infinity":0,"s:7:2:9:Infinity":1,"f:7:2:7:18":1,"s:8:4:8:Infinity":2,"s:11:8:14:Infinity":3,"f:11:8:11:28":2,"s:12:21:12:Infinity":4,"b:12:41:12:50:12:50:12:Infinity":1,"s:13:4:13:Infinity":5,"s:14:4:14:Infinity":6,"s:17:2:17:Infinity":7,"f:20:16:20:29":3,"s:21:2:23:Infinity":8,"f:21:2:21:18":4,"s:22:4:22:Infinity":9}}}
,"/home/italo/Projetos/InsightPro-Agricola/src/lib/downloadUtils.tsx": {"path":"/home/italo/Projetos/InsightPro-Agricola/src/lib/downloadUtils.tsx","statementMap":{"0":{"start":{"line":2,"column":2},"end":{"line":2,"column":null}},"1":{"start":{"line":2,"column":25},"end":{"line":2,"column":null}},"2":{"start":{"line":4,"column":19},"end":{"line":43,"column":null}},"3":{"start":{"line":5,"column":10},"end":{"line":5,"column":null}},"4":{"start":{"line":6,"column":16},"end":{"line":6,"column":42}},"5":{"start":{"line":7,"column":18},"end":{"line":7,"column":null}},"6":{"start":{"line":9,"column":4},"end":{"line":9,"column":null}},"7":{"start":{"line":10,"column":4},"end":{"line":10,"column":null}},"8":{"start":{"line":11,"column":4},"end":{"line":11,"column":null}},"9":{"start":{"line":12,"column":4},"end":{"line":12,"column":null}},"10":{"start":{"line":13,"column":4},"end":{"line":13,"column":null}},"11":{"start":{"line":14,"column":4},"end":{"line":14,"column":null}},"12":{"start":{"line":15,"column":4},"end":{"line":15,"column":null}},"13":{"start":{"line":16,"column":4},"end":{"line":16,"column":null}},"14":{"start":{"line":18,"column":17},"end":{"line":18,"column":37}},"15":{"start":{"line":19,"column":17},"end":{"line":19,"column":64}},"16":{"start":{"line":19,"column":32},"end":{"line":19,"column":63}},"17":{"start":{"line":20,"column":12},"end":{"line":20,"column":null}},"18":{"start":{"line":22,"column":4},"end":{"line":22,"column":null}},"19":{"start":{"line":23,"column":4},"end":{"line":23,"column":null}},"20":{"start":{"line":24,"column":4},"end":{"line":24,"column":null}},"21":{"start":{"line":25,"column":4},"end":{"line":25,"column":null}},"22":{"start":{"line":26,"column":4},"end":{"line":26,"column":null}},"23":{"start":{"line":26,"column":27},"end":{"line":26,"column":107}},"24":{"start":{"line":26,"column":94},"end":{"line":26,"column":101}},"25":{"start":{"line":27,"column":4},"end":{"line":27,"column":null}},"26":{"start":{"line":29,"column":4},"end":{"line":29,"column":null}},"27":{"start":{"line":30,"column":4},"end":{"line":41,"column":null}},"28":{"start":{"line":31,"column":6},"end":{"line":31,"column":null}},"29":{"start":{"line":31,"column":25},"end":{"line":31,"column":40}},"30":{"start":{"line":31,"column":40},"end":{"line":31,"column":null}},"31":{"start":{"line":32,"column":6},"end":{"line":34,"column":null}},"32":{"start":{"line":33,"column":8},"end":{"line":33,"column":null}},"33":{"start":{"line":34,"column":8},"end":{"line":34,"column":null}},"34":{"start":{"line":36,"column":6},"end":{"line":36,"column":null}},"35":{"start":{"line":37,"column":6},"end":{"line":39,"column":null}},"36":{"start":{"line":38,"column":8},"end":{"line":38,"column":null}},"37":{"start":{"line":38,"column":111},"end":{"line":38,"column":118}},"38":{"start":{"line":40,"column":6},"end":{"line":40,"column":null}},"39":{"start":{"line":43,"column":4},"end":{"line":43,"column":null}},"40":{"start":{"line":46,"column":2},"end":{"line":68,"column":null}}},"fnMap":{"0":{"name":"DownloadReportButton","decl":{"start":{"line":1,"column":16},"end":{"line":1,"column":37}},"loc":{"start":{"line":1,"column":156},"end":{"line":68,"column":null}},"line":1},"1":{"name":"(anonymous_1)","decl":{"start":{"line":4,"column":19},"end":{"line":4,"column":31}},"loc":{"start":{"line":4,"column":31},"end":{"line":43,"column":null}},"line":4},"2":{"name":"(anonymous_2)","decl":{"start":{"line":19,"column":22},"end":{"line":19,"column":32}},"loc":{"start":{"line":19,"column":32},"end":{"line":19,"column":63}},"line":19},"3":{"name":"(anonymous_3)","decl":{"start":{"line":26,"column":9},"end":{"line":26,"column":18}},"loc":{"start":{"line":26,"column":27},"end":{"line":26,"column":107}},"line":26},"4":{"name":"(anonymous_4)","decl":{"start":{"line":26,"column":61},"end":{"line":26,"column":69}},"loc":{"start":{"line":26,"column":94},"end":{"line":26,"column":101}},"line":26},"5":{"name":"(anonymous_5)","decl":{"start":{"line":30,"column":9},"end":{"line":30,"column":18}},"loc":{"start":{"line":30,"column":30},"end":{"line":41,"column":null}},"line":30},"6":{"name":"(anonymous_6)","decl":{"start":{"line":37,"column":11},"end":{"line":37,"column":20}},"loc":{"start":{"line":37,"column":29},"end":{"line":39,"column":null}},"line":37},"7":{"name":"(anonymous_7)","decl":{"start":{"line":38,"column":78},"end":{"line":38,"column":86}},"loc":{"start":{"line":38,"column":111},"end":{"line":38,"column":118}},"line":38}},"branchMap":{"0":{"loc":{"start":{"line":1,"column":55},"end":{"line":1,"column":156}},"type":"default-arg","locations":[{"start":{"line":1,"column":63},"end":{"line":1,"column":156}}],"line":1},"1":{"loc":{"start":{"line":2,"column":2},"end":{"line":2,"column":null}},"type":"if","locations":[{"start":{"line":2,"column":2},"end":{"line":2,"column":null}},{"start":{},"end":{}}],"line":2},"2":{"loc":{"start":{"line":31,"column":6},"end":{"line":31,"column":null}},"type":"if","locations":[{"start":{"line":31,"column":6},"end":{"line":31,"column":null}},{"start":{},"end":{}}],"line":31},"3":{"loc":{"start":{"line":32,"column":6},"end":{"line":34,"column":null}},"type":"if","locations":[{"start":{"line":32,"column":6},"end":{"line":34,"column":null}},{"start":{},"end":{}}],"line":32},"4":{"loc":{"start":{"line":38,"column":24},"end":{"line":38,"column":37}},"type":"binary-expr","locations":[{"start":{"line":38,"column":24},"end":{"line":38,"column":34}},{"start":{"line":38,"column":34},"end":{"line":38,"column":37}}],"line":38}},"s":{"0":80,"1":47,"2":33,"3":0,"4":0,"5":0,"6":0,"7":0,"8":0,"9":0,"10":0,"11":0,"12":0,"13":0,"14":0,"15":0,"16":0,"17":0,"18":0,"19":0,"20":0,"21":0,"22":0,"23":0,"24":0,"25":0,"26":0,"27":0,"28":0,"29":0,"30":0,"31":0,"32":0,"33":0,"34":0,"35":0,"36":0,"37":0,"38":0,"39":0,"40":33},"f":{"0":80,"1":0,"2":0,"3":0,"4":0,"5":0,"6":0,"7":0},"b":{"0":[80],"1":[47,33],"2":[0,0],"3":[0,0],"4":[0,0]},"meta":{"lastBranch":5,"lastFunction":8,"lastStatement":41,"seen":{"f:1:16:1:37":0,"b:1:63:1:156":0,"b:2:2:2:Infinity:undefined:undefined:undefined:undefined":1,"s:2:2:2:Infinity":0,"s:2:25:2:Infinity":1,"s:4:19:43:Infinity":2,"f:4:19:4:31":1,"s:5:10:5:Infinity":3,"s:6:16:6:42":4,"s:7:18:7:Infinity":5,"s:9:4:9:Infinity":6,"s:10:4:10:Infinity":7,"s:11:4:11:Infinity":8,"s:12:4:12:Infinity":9,"s:13:4:13:Infinity":10,"s:14:4:14:Infinity":11,"s:15:4:15:Infinity":12,"s:16:4:16:Infinity":13,"s:18:17:18:37":14,"s:19:17:19:64":15,"f:19:22:19:32":2,"s:19:32:19:63":16,"s:20:12:20:Infinity":17,"s:22:4:22:Infinity":18,"s:23:4:23:Infinity":19,"s:24:4:24:Infinity":20,"s:25:4:25:Infinity":21,"s:26:4:26:Infinity":22,"f:26:9:26:18":3,"s:26:27:26:107":23,"f:26:61:26:69":4,"s:26:94:26:101":24,"s:27:4:27:Infinity":25,"s:29:4:29:Infinity":26,"s:30:4:41:Infinity":27,"f:30:9:30:18":5,"b:31:6:31:Infinity:undefined:undefined:undefined:undefined":2,"s:31:6:31:Infinity":28,"s:31:25:31:40":29,"s:31:40:31:Infinity":30,"b:32:6:34:Infinity:undefined:undefined:undefined:undefined":3,"s:32:6:34:Infinity":31,"s:33:8:33:Infinity":32,"s:34:8:34:Infinity":33,"s:36:6:36:Infinity":34,"s:37:6:39:Infinity":35,"f:37:11:37:20":6,"s:38:8:38:Infinity":36,"b:38:24:38:34:38:34:38:37":4,"f:38:78:38:86":7,"s:38:111:38:118":37,"s:40:6:40:Infinity":38,"s:43:4:43:Infinity":39,"s:46:2:68:Infinity":40}}}
,"/home/italo/Projetos/InsightPro-Agricola/src/lib/localDB.ts": {"path":"/home/italo/Projetos/InsightPro-Agricola/src/lib/localDB.ts","statementMap":{"0":{"start":{"line":1,"column":15},"end":{"line":1,"column":null}},"1":{"start":{"line":3,"column":23},"end":{"line":14,"column":null}},"2":{"start":{"line":16,"column":23},"end":{"line":75,"column":null}},"3":{"start":{"line":18,"column":4},"end":{"line":22,"column":null}},"4":{"start":{"line":19,"column":18},"end":{"line":19,"column":43}},"5":{"start":{"line":20,"column":6},"end":{"line":20,"column":null}},"6":{"start":{"line":22,"column":6},"end":{"line":22,"column":null}},"7":{"start":{"line":27,"column":4},"end":{"line":27,"column":null}},"8":{"start":{"line":31,"column":4},"end":{"line":31,"column":null}},"9":{"start":{"line":35,"column":4},"end":{"line":35,"column":null}},"10":{"start":{"line":39,"column":4},"end":{"line":39,"column":null}},"11":{"start":{"line":43,"column":18},"end":{"line":43,"column":35}},"12":{"start":{"line":44,"column":4},"end":{"line":44,"column":null}},"13":{"start":{"line":45,"column":4},"end":{"line":45,"column":null}},"14":{"start":{"line":46,"column":4},"end":{"line":46,"column":null}},"15":{"start":{"line":50,"column":18},"end":{"line":51,"column":null}},"16":{"start":{"line":51,"column":6},"end":{"line":51,"column":null}},"17":{"start":{"line":53,"column":4},"end":{"line":53,"column":null}},"18":{"start":{"line":54,"column":4},"end":{"line":54,"column":null}},"19":{"start":{"line":58,"column":4},"end":{"line":58,"column":null}},"20":{"start":{"line":62,"column":18},"end":{"line":62,"column":66}},"21":{"start":{"line":62,"column":51},"end":{"line":62,"column":66}},"22":{"start":{"line":63,"column":4},"end":{"line":63,"column":null}},"23":{"start":{"line":64,"column":4},"end":{"line":64,"column":null}},"24":{"start":{"line":68,"column":4},"end":{"line":68,"column":null}},"25":{"start":{"line":69,"column":4},"end":{"line":69,"column":null}},"26":{"start":{"line":73,"column":4},"end":{"line":73,"column":null}},"27":{"start":{"line":73,"column":42},"end":{"line":73,"column":70}}},"fnMap":{"0":{"name":"(anonymous_0)","decl":{"start":{"line":17,"column":2},"end":{"line":17,"column":19}},"loc":{"start":{"line":17,"column":42},"end":{"line":22,"column":null}},"line":17},"1":{"name":"(anonymous_1)","decl":{"start":{"line":26,"column":2},"end":{"line":26,"column":19}},"loc":{"start":{"line":26,"column":47},"end":{"line":27,"column":null}},"line":26},"2":{"name":"(anonymous_2)","decl":{"start":{"line":30,"column":2},"end":{"line":30,"column":9}},"loc":{"start":{"line":30,"column":28},"end":{"line":31,"column":null}},"line":30},"3":{"name":"(anonymous_3)","decl":{"start":{"line":34,"column":2},"end":{"line":34,"column":6}},"loc":{"start":{"line":34,"column":28},"end":{"line":35,"column":null}},"line":34},"4":{"name":"(anonymous_4)","decl":{"start":{"line":38,"column":2},"end":{"line":38,"column":33}},"loc":{"start":{"line":38,"column":51},"end":{"line":39,"column":null}},"line":38},"5":{"name":"(anonymous_5)","decl":{"start":{"line":42,"column":2},"end":{"line":42,"column":32}},"loc":{"start":{"line":42,"column":59},"end":{"line":46,"column":null}},"line":42},"6":{"name":"(anonymous_6)","decl":{"start":{"line":49,"column":2},"end":{"line":49,"column":35}},"loc":{"start":{"line":49,"column":86},"end":{"line":54,"column":null}},"line":49},"7":{"name":"(anonymous_7)","decl":{"start":{"line":50,"column":36},"end":{"line":50,"column":40}},"loc":{"start":{"line":51,"column":6},"end":{"line":51,"column":null}},"line":51},"8":{"name":"(anonymous_8)","decl":{"start":{"line":57,"column":2},"end":{"line":57,"column":34}},"loc":{"start":{"line":57,"column":83},"end":{"line":58,"column":null}},"line":57},"9":{"name":"(anonymous_9)","decl":{"start":{"line":61,"column":2},"end":{"line":61,"column":35}},"loc":{"start":{"line":61,"column":65},"end":{"line":64,"column":null}},"line":61},"10":{"name":"(anonymous_10)","decl":{"start":{"line":62,"column":36},"end":{"line":62,"column":43}},"loc":{"start":{"line":62,"column":51},"end":{"line":62,"column":66}},"line":62},"11":{"name":"(anonymous_11)","decl":{"start":{"line":67,"column":2},"end":{"line":67,"column":39}},"loc":{"start":{"line":67,"column":69},"end":{"line":69,"column":null}},"line":67},"12":{"name":"(anonymous_12)","decl":{"start":{"line":72,"column":2},"end":{"line":72,"column":19}},"loc":{"start":{"line":72,"column":19},"end":{"line":73,"column":null}},"line":72},"13":{"name":"(anonymous_13)","decl":{"start":{"line":73,"column":27},"end":{"line":73,"column":35}},"loc":{"start":{"line":73,"column":42},"end":{"line":73,"column":70}},"line":73}},"branchMap":{"0":{"loc":{"start":{"line":20,"column":13},"end":{"line":20,"column":null}},"type":"cond-expr","locations":[{"start":{"line":20,"column":20},"end":{"line":20,"column":35}},{"start":{"line":20,"column":44},"end":{"line":20,"column":null}}],"line":20},"1":{"loc":{"start":{"line":39,"column":11},"end":{"line":39,"column":35}},"type":"binary-expr","locations":[{"start":{"line":39,"column":11},"end":{"line":39,"column":29}},{"start":{"line":39,"column":33},"end":{"line":39,"column":35}}],"line":39},"2":{"loc":{"start":{"line":51,"column":6},"end":{"line":51,"column":null}},"type":"cond-expr","locations":[{"start":{"line":51,"column":23},"end":{"line":51,"column":49}},{"start":{"line":51,"column":49},"end":{"line":51,"column":null}}],"line":51}},"s":{"0":5,"1":5,"2":5,"3":135,"4":135,"5":135,"6":0,"7":73,"8":0,"9":0,"10":123,"11":16,"12":16,"13":16,"14":16,"15":3,"16":4,"17":3,"18":3,"19":0,"20":3,"21":4,"22":3,"23":3,"24":0,"25":0,"26":1,"27":10},"f":{"0":135,"1":73,"2":0,"3":0,"4":123,"5":16,"6":3,"7":4,"8":0,"9":3,"10":4,"11":0,"12":1,"13":10},"b":{"0":[27,108],"1":[123,97],"2":[3,1]},"meta":{"lastBranch":3,"lastFunction":14,"lastStatement":28,"seen":{"s:1:15:1:Infinity":0,"s:3:23:14:Infinity":1,"s:16:23:75:Infinity":2,"f:17:2:17:19":0,"s:18:4:22:Infinity":3,"s:19:18:19:43":4,"s:20:6:20:Infinity":5,"b:20:20:20:35:20:44:20:Infinity":0,"s:22:6:22:Infinity":6,"f:26:2:26:19":1,"s:27:4:27:Infinity":7,"f:30:2:30:9":2,"s:31:4:31:Infinity":8,"f:34:2:34:6":3,"s:35:4:35:Infinity":9,"f:38:2:38:33":4,"s:39:4:39:Infinity":10,"b:39:11:39:29:39:33:39:35":1,"f:42:2:42:32":5,"s:43:18:43:35":11,"s:44:4:44:Infinity":12,"s:45:4:45:Infinity":13,"s:46:4:46:Infinity":14,"f:49:2:49:35":6,"s:50:18:51:Infinity":15,"f:50:36:50:40":7,"s:51:6:51:Infinity":16,"b:51:23:51:49:51:49:51:Infinity":2,"s:53:4:53:Infinity":17,"s:54:4:54:Infinity":18,"f:57:2:57:34":8,"s:58:4:58:Infinity":19,"f:61:2:61:35":9,"s:62:18:62:66":20,"f:62:36:62:43":10,"s:62:51:62:66":21,"s:63:4:63:Infinity":22,"s:64:4:64:Infinity":23,"f:67:2:67:39":11,"s:68:4:68:Infinity":24,"s:69:4:69:Infinity":25,"f:72:2:72:19":12,"s:73:4:73:Infinity":26,"f:73:27:73:35":13,"s:73:42:73:70":27}}}
,"/home/italo/Projetos/InsightPro-Agricola/src/lib/validators.ts": {"path":"/home/italo/Projetos/InsightPro-Agricola/src/lib/validators.ts","statementMap":{"0":{"start":{"line":7,"column":2},"end":{"line":7,"column":null}},"1":{"start":{"line":11,"column":15},"end":{"line":11,"column":76}},"2":{"start":{"line":11,"column":45},"end":{"line":11,"column":74}},"3":{"start":{"line":12,"column":17},"end":{"line":12,"column":null}},"4":{"start":{"line":13,"column":2},"end":{"line":13,"column":null}},"5":{"start":{"line":17,"column":15},"end":{"line":17,"column":67}},"6":{"start":{"line":17,"column":45},"end":{"line":17,"column":65}},"7":{"start":{"line":18,"column":16},"end":{"line":18,"column":null}},"8":{"start":{"line":19,"column":2},"end":{"line":19,"column":null}},"9":{"start":{"line":23,"column":18},"end":{"line":23,"column":58}},"10":{"start":{"line":25,"column":2},"end":{"line":25,"column":null}},"11":{"start":{"line":25,"column":29},"end":{"line":25,"column":null}},"12":{"start":{"line":26,"column":2},"end":{"line":26,"column":null}},"13":{"start":{"line":26,"column":25},"end":{"line":26,"column":42}},"14":{"start":{"line":26,"column":44},"end":{"line":26,"column":null}},"15":{"start":{"line":28,"column":15},"end":{"line":28,"column":34}},"16":{"start":{"line":29,"column":13},"end":{"line":29,"column":40}},"17":{"start":{"line":30,"column":2},"end":{"line":30,"column":null}},"18":{"start":{"line":30,"column":25},"end":{"line":30,"column":null}},"19":{"start":{"line":32,"column":16},"end":{"line":32,"column":29}},"20":{"start":{"line":33,"column":13},"end":{"line":33,"column":41}},"21":{"start":{"line":34,"column":2},"end":{"line":34,"column":null}},"22":{"start":{"line":34,"column":26},"end":{"line":34,"column":null}},"23":{"start":{"line":36,"column":14},"end":{"line":36,"column":30}},"24":{"start":{"line":37,"column":20},"end":{"line":37,"column":null}},"25":{"start":{"line":39,"column":2},"end":{"line":39,"column":null}},"26":{"start":{"line":43,"column":18},"end":{"line":43,"column":59}},"27":{"start":{"line":45,"column":2},"end":{"line":45,"column":null}},"28":{"start":{"line":45,"column":29},"end":{"line":45,"column":null}},"29":{"start":{"line":46,"column":2},"end":{"line":46,"column":null}},"30":{"start":{"line":46,"column":25},"end":{"line":46,"column":42}},"31":{"start":{"line":46,"column":44},"end":{"line":46,"column":null}},"32":{"start":{"line":48,"column":17},"end":{"line":48,"column":null}},"33":{"start":{"line":49,"column":13},"end":{"line":49,"column":61}},"34":{"start":{"line":50,"column":2},"end":{"line":50,"column":null}},"35":{"start":{"line":50,"column":26},"end":{"line":50,"column":null}},"36":{"start":{"line":52,"column":17},"end":{"line":52,"column":null}},"37":{"start":{"line":53,"column":13},"end":{"line":53,"column":70}},"38":{"start":{"line":54,"column":2},"end":{"line":54,"column":null}},"39":{"start":{"line":54,"column":26},"end":{"line":54,"column":null}},"40":{"start":{"line":56,"column":14},"end":{"line":56,"column":30}},"41":{"start":{"line":57,"column":20},"end":{"line":57,"column":null}},"42":{"start":{"line":59,"column":2},"end":{"line":59,"column":null}},"43":{"start":{"line":63,"column":18},"end":{"line":63,"column":38}},"44":{"start":{"line":64,"column":2},"end":{"line":66,"column":null}},"45":{"start":{"line":65,"column":19},"end":{"line":65,"column":36}},"46":{"start":{"line":66,"column":4},"end":{"line":66,"column":null}},"47":{"start":{"line":68,"column":17},"end":{"line":68,"column":35}},"48":{"start":{"line":69,"column":2},"end":{"line":69,"column":null}},"49":{"start":{"line":73,"column":18},"end":{"line":73,"column":41}},"50":{"start":{"line":75,"column":2},"end":{"line":76,"column":null}},"51":{"start":{"line":76,"column":4},"end":{"line":76,"column":null}},"52":{"start":{"line":79,"column":14},"end":{"line":79,"column":33}},"53":{"start":{"line":80,"column":2},"end":{"line":80,"column":null}},"54":{"start":{"line":80,"column":26},"end":{"line":80,"column":null}},"55":{"start":{"line":83,"column":2},"end":{"line":86,"column":null}},"56":{"start":{"line":84,"column":4},"end":{"line":84,"column":null}},"57":{"start":{"line":86,"column":4},"end":{"line":86,"column":null}},"58":{"start":{"line":89,"column":2},"end":{"line":89,"column":null}},"59":{"start":{"line":93,"column":2},"end":{"line":93,"column":null}},"60":{"start":{"line":93,"column":14},"end":{"line":93,"column":null}},"61":{"start":{"line":94,"column":2},"end":{"line":94,"column":null}},"62":{"start":{"line":98,"column":2},"end":{"line":98,"column":null}}},"fnMap":{"0":{"name":"limparDigitos","decl":{"start":{"line":6,"column":9},"end":{"line":6,"column":23}},"loc":{"start":{"line":6,"column":46},"end":{"line":7,"column":null}},"line":6},"1":{"name":"calcularDigitoCPF","decl":{"start":{"line":10,"column":9},"end":{"line":10,"column":27}},"loc":{"start":{"line":10,"column":75},"end":{"line":13,"column":null}},"line":10},"2":{"name":"(anonymous_2)","decl":{"start":{"line":11,"column":23},"end":{"line":11,"column":31}},"loc":{"start":{"line":11,"column":45},"end":{"line":11,"column":74}},"line":11},"3":{"name":"calcularDigitoCNPJ","decl":{"start":{"line":16,"column":9},"end":{"line":16,"column":28}},"loc":{"start":{"line":16,"column":72},"end":{"line":19,"column":null}},"line":16},"4":{"name":"(anonymous_4)","decl":{"start":{"line":17,"column":23},"end":{"line":17,"column":31}},"loc":{"start":{"line":17,"column":45},"end":{"line":17,"column":65}},"line":17},"5":{"name":"validarCPF","decl":{"start":{"line":22,"column":16},"end":{"line":22,"column":27}},"loc":{"start":{"line":22,"column":58},"end":{"line":39,"column":null}},"line":22},"6":{"name":"(anonymous_6)","decl":{"start":{"line":26,"column":14},"end":{"line":26,"column":20}},"loc":{"start":{"line":26,"column":25},"end":{"line":26,"column":42}},"line":26},"7":{"name":"validarCNPJ","decl":{"start":{"line":42,"column":16},"end":{"line":42,"column":28}},"loc":{"start":{"line":42,"column":60},"end":{"line":59,"column":null}},"line":42},"8":{"name":"(anonymous_8)","decl":{"start":{"line":46,"column":14},"end":{"line":46,"column":20}},"loc":{"start":{"line":46,"column":25},"end":{"line":46,"column":42}},"line":46},"9":{"name":"validarCPFouCNPJ","decl":{"start":{"line":62,"column":16},"end":{"line":62,"column":33}},"loc":{"start":{"line":62,"column":100},"end":{"line":69,"column":null}},"line":62},"10":{"name":"validarTelefone","decl":{"start":{"line":72,"column":16},"end":{"line":72,"column":32}},"loc":{"start":{"line":72,"column":68},"end":{"line":89,"column":null}},"line":72},"11":{"name":"validarEmail","decl":{"start":{"line":92,"column":16},"end":{"line":92,"column":29}},"loc":{"start":{"line":92,"column":53},"end":{"line":94,"column":null}},"line":92},"12":{"name":"temConteudo","decl":{"start":{"line":97,"column":16},"end":{"line":97,"column":28}},"loc":{"start":{"line":97,"column":52},"end":{"line":98,"column":null}},"line":97}},"branchMap":{"0":{"loc":{"start":{"line":13,"column":9},"end":{"line":13,"column":null}},"type":"cond-expr","locations":[{"start":{"line":13,"column":23},"end":{"line":13,"column":27}},{"start":{"line":13,"column":27},"end":{"line":13,"column":null}}],"line":13},"1":{"loc":{"start":{"line":19,"column":9},"end":{"line":19,"column":null}},"type":"cond-expr","locations":[{"start":{"line":19,"column":21},"end":{"line":19,"column":25}},{"start":{"line":19,"column":25},"end":{"line":19,"column":null}}],"line":19},"2":{"loc":{"start":{"line":25,"column":2},"end":{"line":25,"column":null}},"type":"if","locations":[{"start":{"line":25,"column":2},"end":{"line":25,"column":null}},{"start":{},"end":{}}],"line":25},"3":{"loc":{"start":{"line":26,"column":2},"end":{"line":26,"column":null}},"type":"if","locations":[{"start":{"line":26,"column":2},"end":{"line":26,"column":null}},{"start":{},"end":{}}],"line":26},"4":{"loc":{"start":{"line":30,"column":2},"end":{"line":30,"column":null}},"type":"if","locations":[{"start":{"line":30,"column":2},"end":{"line":30,"column":null}},{"start":{},"end":{}}],"line":30},"5":{"loc":{"start":{"line":34,"column":2},"end":{"line":34,"column":null}},"type":"if","locations":[{"start":{"line":34,"column":2},"end":{"line":34,"column":null}},{"start":{},"end":{}}],"line":34},"6":{"loc":{"start":{"line":45,"column":2},"end":{"line":45,"column":null}},"type":"if","locations":[{"start":{"line":45,"column":2},"end":{"line":45,"column":null}},{"start":{},"end":{}}],"line":45},"7":{"loc":{"start":{"line":46,"column":2},"end":{"line":46,"column":null}},"type":"if","locations":[{"start":{"line":46,"column":2},"end":{"line":46,"column":null}},{"start":{},"end":{}}],"line":46},"8":{"loc":{"start":{"line":50,"column":2},"end":{"line":50,"column":null}},"type":"if","locations":[{"start":{"line":50,"column":2},"end":{"line":50,"column":null}},{"start":{},"end":{}}],"line":50},"9":{"loc":{"start":{"line":54,"column":2},"end":{"line":54,"column":null}},"type":"if","locations":[{"start":{"line":54,"column":2},"end":{"line":54,"column":null}},{"start":{},"end":{}}],"line":54},"10":{"loc":{"start":{"line":64,"column":2},"end":{"line":66,"column":null}},"type":"if","locations":[{"start":{"line":64,"column":2},"end":{"line":66,"column":null}},{"start":{},"end":{}}],"line":64},"11":{"loc":{"start":{"line":66,"column":30},"end":{"line":66,"column":60}},"type":"cond-expr","locations":[{"start":{"line":66,"column":46},"end":{"line":66,"column":54}},{"start":{"line":66,"column":54},"end":{"line":66,"column":60}}],"line":66},"12":{"loc":{"start":{"line":69,"column":28},"end":{"line":69,"column":59}},"type":"cond-expr","locations":[{"start":{"line":69,"column":44},"end":{"line":69,"column":53}},{"start":{"line":69,"column":53},"end":{"line":69,"column":59}}],"line":69},"13":{"loc":{"start":{"line":75,"column":2},"end":{"line":76,"column":null}},"type":"if","locations":[{"start":{"line":75,"column":2},"end":{"line":76,"column":null}},{"start":{},"end":{}}],"line":75},"14":{"loc":{"start":{"line":75,"column":6},"end":{"line":75,"column":50}},"type":"binary-expr","locations":[{"start":{"line":75,"column":6},"end":{"line":75,"column":29}},{"start":{"line":75,"column":29},"end":{"line":75,"column":50}}],"line":75},"15":{"loc":{"start":{"line":80,"column":2},"end":{"line":80,"column":null}},"type":"if","locations":[{"start":{"line":80,"column":2},"end":{"line":80,"column":null}},{"start":{},"end":{}}],"line":80},"16":{"loc":{"start":{"line":83,"column":2},"end":{"line":86,"column":null}},"type":"if","locations":[{"start":{"line":83,"column":2},"end":{"line":86,"column":null}},{"start":{"line":85,"column":9},"end":{"line":86,"column":null}}],"line":83},"17":{"loc":{"start":{"line":93,"column":2},"end":{"line":93,"column":null}},"type":"if","locations":[{"start":{"line":93,"column":2},"end":{"line":93,"column":null}},{"start":{},"end":{}}],"line":93}},"s":{"0":45,"1":8,"2":76,"3":8,"4":8,"5":6,"6":75,"7":6,"8":6,"9":20,"10":20,"11":13,"12":7,"13":41,"14":3,"15":4,"16":4,"17":4,"18":0,"19":4,"20":4,"21":4,"22":1,"23":3,"24":3,"25":3,"26":4,"27":4,"28":0,"29":4,"30":23,"31":1,"32":3,"33":3,"34":3,"35":0,"36":3,"37":3,"38":3,"39":1,"40":2,"41":2,"42":2,"43":17,"44":17,"45":16,"46":16,"47":1,"48":1,"49":4,"50":4,"51":1,"52":3,"53":3,"54":1,"55":2,"56":1,"57":1,"58":2,"59":3,"60":1,"61":2,"62":2},"f":{"0":45,"1":8,"2":76,"3":6,"4":75,"5":20,"6":41,"7":4,"8":23,"9":17,"10":4,"11":3,"12":2},"b":{"0":[0,8],"1":[0,6],"2":[13,7],"3":[3,4],"4":[0,4],"5":[1,3],"6":[0,4],"7":[1,3],"8":[0,3],"9":[1,2],"10":[16,1],"11":[1,15],"12":[1,0],"13":[1,3],"14":[4,3],"15":[1,2],"16":[1,1],"17":[1,2]},"meta":{"lastBranch":18,"lastFunction":13,"lastStatement":63,"seen":{"f:6:9:6:23":0,"s:7:2:7:Infinity":0,"f:10:9:10:27":1,"s:11:15:11:76":1,"f:11:23:11:31":2,"s:11:45:11:74":2,"s:12:17:12:Infinity":3,"s:13:2:13:Infinity":4,"b:13:23:13:27:13:27:13:Infinity":0,"f:16:9:16:28":3,"s:17:15:17:67":5,"f:17:23:17:31":4,"s:17:45:17:65":6,"s:18:16:18:Infinity":7,"s:19:2:19:Infinity":8,"b:19:21:19:25:19:25:19:Infinity":1,"f:22:16:22:27":5,"s:23:18:23:58":9,"b:25:2:25:Infinity:undefined:undefined:undefined:undefined":2,"s:25:2:25:Infinity":10,"s:25:29:25:Infinity":11,"b:26:2:26:Infinity:undefined:undefined:undefined:undefined":3,"s:26:2:26:Infinity":12,"f:26:14:26:20":6,"s:26:25:26:42":13,"s:26:44:26:Infinity":14,"s:28:15:28:34":15,"s:29:13:29:40":16,"b:30:2:30:Infinity:undefined:undefined:undefined:undefined":4,"s:30:2:30:Infinity":17,"s:30:25:30:Infinity":18,"s:32:16:32:29":19,"s:33:13:33:41":20,"b:34:2:34:Infinity:undefined:undefined:undefined:undefined":5,"s:34:2:34:Infinity":21,"s:34:26:34:Infinity":22,"s:36:14:36:30":23,"s:37:20:37:Infinity":24,"s:39:2:39:Infinity":25,"f:42:16:42:28":7,"s:43:18:43:59":26,"b:45:2:45:Infinity:undefined:undefined:undefined:undefined":6,"s:45:2:45:Infinity":27,"s:45:29:45:Infinity":28,"b:46:2:46:Infinity:undefined:undefined:undefined:undefined":7,"s:46:2:46:Infinity":29,"f:46:14:46:20":8,"s:46:25:46:42":30,"s:46:44:46:Infinity":31,"s:48:17:48:Infinity":32,"s:49:13:49:61":33,"b:50:2:50:Infinity:undefined:undefined:undefined:undefined":8,"s:50:2:50:Infinity":34,"s:50:26:50:Infinity":35,"s:52:17:52:Infinity":36,"s:53:13:53:70":37,"b:54:2:54:Infinity:undefined:undefined:undefined:undefined":9,"s:54:2:54:Infinity":38,"s:54:26:54:Infinity":39,"s:56:14:56:30":40,"s:57:20:57:Infinity":41,"s:59:2:59:Infinity":42,"f:62:16:62:33":9,"s:63:18:63:38":43,"b:64:2:66:Infinity:undefined:undefined:undefined:undefined":10,"s:64:2:66:Infinity":44,"s:65:19:65:36":45,"s:66:4:66:Infinity":46,"b:66:46:66:54:66:54:66:60":11,"s:68:17:68:35":47,"s:69:2:69:Infinity":48,"b:69:44:69:53:69:53:69:59":12,"f:72:16:72:32":10,"s:73:18:73:41":49,"b:75:2:76:Infinity:undefined:undefined:undefined:undefined":13,"s:75:2:76:Infinity":50,"b:75:6:75:29:75:29:75:50":14,"s:76:4:76:Infinity":51,"s:79:14:79:33":52,"b:80:2:80:Infinity:undefined:undefined:undefined:undefined":15,"s:80:2:80:Infinity":53,"s:80:26:80:Infinity":54,"b:83:2:86:Infinity:85:9:86:Infinity":16,"s:83:2:86:Infinity":55,"s:84:4:84:Infinity":56,"s:86:4:86:Infinity":57,"s:89:2:89:Infinity":58,"f:92:16:92:29":11,"b:93:2:93:Infinity:undefined:undefined:undefined:undefined":17,"s:93:2:93:Infinity":59,"s:93:14:93:Infinity":60,"s:94:2:94:Infinity":61,"f:97:16:97:28":12,"s:98:2:98:Infinity":62}}}
,"/home/italo/Projetos/InsightPro-Agricola/src/pages/ClientesCadastroPage.tsx": {"path":"/home/italo/Projetos/InsightPro-Agricola/src/pages/ClientesCadastroPage.tsx","statementMap":{"0":{"start":{"line":10,"column":16},"end":{"line":10,"column":null}},"1":{"start":{"line":11,"column":17},"end":{"line":11,"column":null}},"2":{"start":{"line":12,"column":19},"end":{"line":12,"column":null}},"3":{"start":{"line":14,"column":27},"end":{"line":29,"column":null}},"4":{"start":{"line":35,"column":2},"end":{"line":35,"column":null}},"5":{"start":{"line":36,"column":46},"end":{"line":36,"column":73}},"6":{"start":{"line":37,"column":15},"end":{"line":37,"column":61}},"7":{"start":{"line":38,"column":17},"end":{"line":38,"column":59}},"8":{"start":{"line":39,"column":24},"end":{"line":39,"column":73}},"9":{"start":{"line":40,"column":24},"end":{"line":40,"column":73}},"10":{"start":{"line":41,"column":20},"end":{"line":41,"column":48}},"11":{"start":{"line":42,"column":20},"end":{"line":42,"column":51}},"12":{"start":{"line":43,"column":20},"end":{"line":43,"column":48}},"13":{"start":{"line":44,"column":20},"end":{"line":44,"column":63}},"14":{"start":{"line":45,"column":18},"end":{"line":45,"column":56}},"15":{"start":{"line":46,"column":8},"end":{"line":46,"column":46}},"16":{"start":{"line":47,"column":8},"end":{"line":47,"column":47}},"17":{"start":{"line":48,"column":8},"end":{"line":48,"column":46}},"18":{"start":{"line":50,"column":20},"end":{"line":50,"column":null}},"19":{"start":{"line":51,"column":20},"end":{"line":51,"column":null}},"20":{"start":{"line":52,"column":22},"end":{"line":52,"column":null}},"21":{"start":{"line":54,"column":8},"end":{"line":61,"column":30}},"22":{"start":{"line":55,"column":4},"end":{"line":55,"column":null}},"23":{"start":{"line":55,"column":43},"end":{"line":55,"column":null}},"24":{"start":{"line":56,"column":18},"end":{"line":56,"column":53}},"25":{"start":{"line":57,"column":18},"end":{"line":57,"column":90}},"26":{"start":{"line":58,"column":4},"end":{"line":60,"column":null}},"27":{"start":{"line":59,"column":19},"end":{"line":59,"column":99}},"28":{"start":{"line":63,"column":8},"end":{"line":68,"column":8}},"29":{"start":{"line":64,"column":4},"end":{"line":64,"column":null}},"30":{"start":{"line":64,"column":21},"end":{"line":64,"column":42}},"31":{"start":{"line":65,"column":4},"end":{"line":65,"column":null}},"32":{"start":{"line":66,"column":4},"end":{"line":66,"column":null}},"33":{"start":{"line":67,"column":4},"end":{"line":67,"column":null}},"34":{"start":{"line":70,"column":8},"end":{"line":83,"column":null}},"35":{"start":{"line":71,"column":4},"end":{"line":71,"column":null}},"36":{"start":{"line":71,"column":53},"end":{"line":71,"column":null}},"37":{"start":{"line":72,"column":4},"end":{"line":83,"column":null}},"38":{"start":{"line":73,"column":6},"end":{"line":73,"column":null}},"39":{"start":{"line":74,"column":6},"end":{"line":74,"column":null}},"40":{"start":{"line":74,"column":27},"end":{"line":74,"column":74}},"41":{"start":{"line":75,"column":15},"end":{"line":83,"column":null}},"42":{"start":{"line":76,"column":6},"end":{"line":76,"column":null}},"43":{"start":{"line":77,"column":6},"end":{"line":77,"column":null}},"44":{"start":{"line":77,"column":27},"end":{"line":77,"column":49}},"45":{"start":{"line":78,"column":15},"end":{"line":83,"column":null}},"46":{"start":{"line":79,"column":6},"end":{"line":79,"column":null}},"47":{"start":{"line":80,"column":6},"end":{"line":80,"column":null}},"48":{"start":{"line":81,"column":15},"end":{"line":83,"column":null}},"49":{"start":{"line":82,"column":6},"end":{"line":82,"column":null}},"50":{"start":{"line":83,"column":6},"end":{"line":83,"column":null}},"51":{"start":{"line":87,"column":8},"end":{"line":87,"column":100}},"52":{"start":{"line":87,"column":29},"end":{"line":87,"column":100}},"53":{"start":{"line":88,"column":8},"end":{"line":88,"column":102}},"54":{"start":{"line":88,"column":30},"end":{"line":88,"column":102}},"55":{"start":{"line":90,"column":8},"end":{"line":108,"column":null}},"56":{"start":{"line":91,"column":4},"end":{"line":91,"column":null}},"57":{"start":{"line":91,"column":27},"end":{"line":91,"column":null}},"58":{"start":{"line":92,"column":4},"end":{"line":99,"column":null}},"59":{"start":{"line":93,"column":6},"end":{"line":93,"column":null}},"60":{"start":{"line":94,"column":6},"end":{"line":94,"column":null}},"61":{"start":{"line":96,"column":21},"end":{"line":96,"column":null}},"62":{"start":{"line":97,"column":6},"end":{"line":97,"column":null}},"63":{"start":{"line":98,"column":6},"end":{"line":98,"column":null}},"64":{"start":{"line":99,"column":6},"end":{"line":99,"column":null}},"65":{"start":{"line":99,"column":23},"end":{"line":99,"column":45}},"66":{"start":{"line":101,"column":4},"end":{"line":101,"column":null}},"67":{"start":{"line":102,"column":4},"end":{"line":102,"column":null}},"68":{"start":{"line":103,"column":4},"end":{"line":103,"column":null}},"69":{"start":{"line":104,"column":4},"end":{"line":104,"column":null}},"70":{"start":{"line":105,"column":4},"end":{"line":106,"column":null}},"71":{"start":{"line":106,"column":6},"end":{"line":106,"column":null}},"72":{"start":{"line":106,"column":23},"end":{"line":106,"column":38}},"73":{"start":{"line":108,"column":4},"end":{"line":108,"column":null}},"74":{"start":{"line":111,"column":8},"end":{"line":115,"column":null}},"75":{"start":{"line":112,"column":4},"end":{"line":112,"column":null}},"76":{"start":{"line":113,"column":4},"end":{"line":113,"column":null}},"77":{"start":{"line":114,"column":4},"end":{"line":114,"column":null}},"78":{"start":{"line":115,"column":4},"end":{"line":115,"column":null}},"79":{"start":{"line":118,"column":8},"end":{"line":124,"column":null}},"80":{"start":{"line":119,"column":4},"end":{"line":119,"column":null}},"81":{"start":{"line":120,"column":4},"end":{"line":120,"column":null}},"82":{"start":{"line":121,"column":4},"end":{"line":124,"column":null}},"83":{"start":{"line":122,"column":6},"end":{"line":122,"column":null}},"84":{"start":{"line":123,"column":6},"end":{"line":123,"column":null}},"85":{"start":{"line":124,"column":6},"end":{"line":124,"column":null}},"86":{"start":{"line":128,"column":8},"end":{"line":133,"column":null}},"87":{"start":{"line":129,"column":4},"end":{"line":133,"column":null}},"88":{"start":{"line":130,"column":6},"end":{"line":130,"column":null}},"89":{"start":{"line":130,"column":25},"end":{"line":130,"column":57}},"90":{"start":{"line":132,"column":6},"end":{"line":132,"column":null}},"91":{"start":{"line":133,"column":6},"end":{"line":133,"column":null}},"92":{"start":{"line":137,"column":8},"end":{"line":139,"column":null}},"93":{"start":{"line":138,"column":4},"end":{"line":138,"column":null}},"94":{"start":{"line":138,"column":29},"end":{"line":138,"column":null}},"95":{"start":{"line":139,"column":4},"end":{"line":139,"column":null}},"96":{"start":{"line":142,"column":8},"end":{"line":154,"column":35}},"97":{"start":{"line":143,"column":4},"end":{"line":153,"column":null}},"98":{"start":{"line":144,"column":19},"end":{"line":144,"column":null}},"99":{"start":{"line":145,"column":19},"end":{"line":145,"column":null}},"100":{"start":{"line":146,"column":6},"end":{"line":147,"column":null}},"101":{"start":{"line":147,"column":8},"end":{"line":147,"column":null}},"102":{"start":{"line":149,"column":6},"end":{"line":150,"column":null}},"103":{"start":{"line":150,"column":8},"end":{"line":150,"column":null}},"104":{"start":{"line":152,"column":6},"end":{"line":152,"column":null}},"105":{"start":{"line":156,"column":8},"end":{"line":171,"column":18}},"106":{"start":{"line":157,"column":4},"end":{"line":170,"column":null}},"107":{"start":{"line":157,"column":32},"end":{"line":170,"column":7}},"108":{"start":{"line":173,"column":8},"end":{"line":176,"column":null}},"109":{"start":{"line":174,"column":4},"end":{"line":174,"column":null}},"110":{"start":{"line":174,"column":18},"end":{"line":174,"column":null}},"111":{"start":{"line":175,"column":4},"end":{"line":175,"column":null}},"112":{"start":{"line":175,"column":18},"end":{"line":175,"column":null}},"113":{"start":{"line":176,"column":4},"end":{"line":176,"column":null}},"114":{"start":{"line":179,"column":2},"end":{"line":516,"column":null}},"115":{"start":{"line":225,"column":95},"end":{"line":225,"column":137}},"116":{"start":{"line":235,"column":28},"end":{"line":235,"column":null}},"117":{"start":{"line":236,"column":18},"end":{"line":236,"column":null}},"118":{"start":{"line":239,"column":18},"end":{"line":240,"column":null}},"119":{"start":{"line":240,"column":20},"end":{"line":240,"column":null}},"120":{"start":{"line":240,"column":37},"end":{"line":240,"column":81}},"121":{"start":{"line":259,"column":31},"end":{"line":259,"column":77}},"122":{"start":{"line":261,"column":18},"end":{"line":262,"column":null}},"123":{"start":{"line":262,"column":20},"end":{"line":262,"column":null}},"124":{"start":{"line":262,"column":37},"end":{"line":262,"column":81}},"125":{"start":{"line":282,"column":31},"end":{"line":282,"column":74}},"126":{"start":{"line":300,"column":18},"end":{"line":300,"column":null}},"127":{"start":{"line":300,"column":35},"end":{"line":300,"column":84}},"128":{"start":{"line":301,"column":18},"end":{"line":301,"column":null}},"129":{"start":{"line":305,"column":34},"end":{"line":305,"column":73}},"130":{"start":{"line":316,"column":18},"end":{"line":316,"column":null}},"131":{"start":{"line":317,"column":18},"end":{"line":317,"column":null}},"132":{"start":{"line":317,"column":35},"end":{"line":317,"column":72}},"133":{"start":{"line":318,"column":18},"end":{"line":318,"column":null}},"134":{"start":{"line":320,"column":33},"end":{"line":320,"column":null}},"135":{"start":{"line":320,"column":50},"end":{"line":320,"column":null}},"136":{"start":{"line":322,"column":18},"end":{"line":322,"column":null}},"137":{"start":{"line":322,"column":37},"end":{"line":322,"column":58}},"138":{"start":{"line":322,"column":58},"end":{"line":322,"column":78}},"139":{"start":{"line":332,"column":32},"end":{"line":332,"column":85}},"140":{"start":{"line":333,"column":20},"end":{"line":344,"column":null}},"141":{"start":{"line":337,"column":44},"end":{"line":337,"column":64}},"142":{"start":{"line":337,"column":64},"end":{"line":337,"column":null}},"143":{"start":{"line":353,"column":112},"end":{"line":353,"column":167}},"144":{"start":{"line":355,"column":35},"end":{"line":355,"column":74}},"145":{"start":{"line":361,"column":100},"end":{"line":361,"column":165}},"146":{"start":{"line":362,"column":37},"end":{"line":362,"column":null}},"147":{"start":{"line":368,"column":124},"end":{"line":368,"column":183}},"148":{"start":{"line":372,"column":135},"end":{"line":372,"column":198}},"149":{"start":{"line":376,"column":132},"end":{"line":376,"column":194}},"150":{"start":{"line":380,"column":125},"end":{"line":380,"column":180}},"151":{"start":{"line":389,"column":18},"end":{"line":406,"column":null}},"152":{"start":{"line":398,"column":37},"end":{"line":398,"column":57}},"153":{"start":{"line":399,"column":24},"end":{"line":399,"column":null}},"154":{"start":{"line":400,"column":24},"end":{"line":400,"column":null}},"155":{"start":{"line":416,"column":33},"end":{"line":416,"column":null}},"156":{"start":{"line":417,"column":20},"end":{"line":417,"column":null}},"157":{"start":{"line":417,"column":31},"end":{"line":417,"column":null}},"158":{"start":{"line":418,"column":20},"end":{"line":424,"column":null}},"159":{"start":{"line":418,"column":37},"end":{"line":424,"column":23}},"160":{"start":{"line":425,"column":20},"end":{"line":425,"column":null}},"161":{"start":{"line":431,"column":20},"end":{"line":431,"column":null}},"162":{"start":{"line":440,"column":68},"end":{"line":440,"column":95}},"163":{"start":{"line":440,"column":95},"end":{"line":440,"column":112}},"164":{"start":{"line":440,"column":112},"end":{"line":440,"column":132}},"165":{"start":{"line":461,"column":39},"end":{"line":461,"column":57}},"166":{"start":{"line":462,"column":39},"end":{"line":462,"column":59}},"167":{"start":{"line":463,"column":39},"end":{"line":463,"column":70}},"168":{"start":{"line":464,"column":39},"end":{"line":464,"column":66}},"169":{"start":{"line":465,"column":39},"end":{"line":465,"column":70}},"170":{"start":{"line":472,"column":20},"end":{"line":493,"column":null}},"171":{"start":{"line":489,"column":116},"end":{"line":489,"column":130}},"172":{"start":{"line":490,"column":117},"end":{"line":490,"column":139}},"173":{"start":{"line":503,"column":54},"end":{"line":503,"column":76}},"174":{"start":{"line":504,"column":55},"end":{"line":504,"column":74}},"175":{"start":{"line":510,"column":68},"end":{"line":510,"column":90}},"176":{"start":{"line":511,"column":97},"end":{"line":511,"column":127}}},"fnMap":{"0":{"name":"ClientesCadastroPage","decl":{"start":{"line":34,"column":16},"end":{"line":34,"column":39}},"loc":{"start":{"line":34,"column":39},"end":{"line":516,"column":null}},"line":34},"1":{"name":"(anonymous_1)","decl":{"start":{"line":54,"column":27},"end":{"line":54,"column":41}},"loc":{"start":{"line":54,"column":41},"end":{"line":61,"column":6}},"line":54},"2":{"name":"(anonymous_2)","decl":{"start":{"line":59,"column":7},"end":{"line":59,"column":14}},"loc":{"start":{"line":59,"column":19},"end":{"line":59,"column":99}},"line":59},"3":{"name":"(anonymous_3)","decl":{"start":{"line":63,"column":21},"end":{"line":63,"column":34}},"loc":{"start":{"line":63,"column":53},"end":{"line":68,"column":7}},"line":63},"4":{"name":"(anonymous_4)","decl":{"start":{"line":64,"column":4},"end":{"line":64,"column":12}},"loc":{"start":{"line":64,"column":21},"end":{"line":64,"column":42}},"line":64},"5":{"name":"(anonymous_5)","decl":{"start":{"line":70,"column":8},"end":{"line":70,"column":29}},"loc":{"start":{"line":70,"column":74},"end":{"line":83,"column":null}},"line":70},"6":{"name":"(anonymous_6)","decl":{"start":{"line":74,"column":6},"end":{"line":74,"column":19}},"loc":{"start":{"line":74,"column":27},"end":{"line":74,"column":74}},"line":74},"7":{"name":"(anonymous_7)","decl":{"start":{"line":77,"column":6},"end":{"line":77,"column":19}},"loc":{"start":{"line":77,"column":27},"end":{"line":77,"column":49}},"line":77},"8":{"name":"(anonymous_8)","decl":{"start":{"line":87,"column":8},"end":{"line":87,"column":29}},"loc":{"start":{"line":87,"column":29},"end":{"line":87,"column":100}},"line":87},"9":{"name":"(anonymous_9)","decl":{"start":{"line":88,"column":8},"end":{"line":88,"column":30}},"loc":{"start":{"line":88,"column":30},"end":{"line":88,"column":102}},"line":88},"10":{"name":"(anonymous_10)","decl":{"start":{"line":90,"column":8},"end":{"line":90,"column":28}},"loc":{"start":{"line":90,"column":28},"end":{"line":108,"column":null}},"line":90},"11":{"name":"(anonymous_11)","decl":{"start":{"line":99,"column":6},"end":{"line":99,"column":23}},"loc":{"start":{"line":99,"column":23},"end":{"line":99,"column":45}},"line":99},"12":{"name":"(anonymous_12)","decl":{"start":{"line":106,"column":6},"end":{"line":106,"column":23}},"loc":{"start":{"line":106,"column":23},"end":{"line":106,"column":38}},"line":106},"13":{"name":"(anonymous_13)","decl":{"start":{"line":111,"column":8},"end":{"line":111,"column":23}},"loc":{"start":{"line":111,"column":38},"end":{"line":115,"column":null}},"line":111},"14":{"name":"(anonymous_14)","decl":{"start":{"line":118,"column":8},"end":{"line":118,"column":27}},"loc":{"start":{"line":118,"column":42},"end":{"line":124,"column":null}},"line":118},"15":{"name":"(anonymous_15)","decl":{"start":{"line":128,"column":8},"end":{"line":128,"column":22}},"loc":{"start":{"line":128,"column":43},"end":{"line":133,"column":null}},"line":128},"16":{"name":"(anonymous_16)","decl":{"start":{"line":130,"column":6},"end":{"line":130,"column":17}},"loc":{"start":{"line":130,"column":25},"end":{"line":130,"column":57}},"line":130},"17":{"name":"(anonymous_17)","decl":{"start":{"line":137,"column":8},"end":{"line":137,"column":20}},"loc":{"start":{"line":137,"column":41},"end":{"line":139,"column":null}},"line":137},"18":{"name":"(anonymous_18)","decl":{"start":{"line":142,"column":21},"end":{"line":142,"column":35}},"loc":{"start":{"line":142,"column":35},"end":{"line":154,"column":6}},"line":142},"19":{"name":"(anonymous_19)","decl":{"start":{"line":143,"column":24},"end":{"line":143,"column":30}},"loc":{"start":{"line":143,"column":39},"end":{"line":153,"column":null}},"line":143},"20":{"name":"(anonymous_20)","decl":{"start":{"line":156,"column":23},"end":{"line":156,"column":37}},"loc":{"start":{"line":156,"column":37},"end":{"line":171,"column":6}},"line":156},"21":{"name":"(anonymous_21)","decl":{"start":{"line":157,"column":22},"end":{"line":157,"column":26}},"loc":{"start":{"line":157,"column":32},"end":{"line":170,"column":7}},"line":157},"22":{"name":"(anonymous_22)","decl":{"start":{"line":173,"column":8},"end":{"line":173,"column":15}},"loc":{"start":{"line":173,"column":29},"end":{"line":176,"column":null}},"line":173},"23":{"name":"(anonymous_23)","decl":{"start":{"line":225,"column":80},"end":{"line":225,"column":90}},"loc":{"start":{"line":225,"column":95},"end":{"line":225,"column":137}},"line":225},"24":{"name":"(anonymous_24)","decl":{"start":{"line":234,"column":16},"end":{"line":234,"column":26}},"loc":{"start":{"line":234,"column":31},"end":{"line":236,"column":null}},"line":234},"25":{"name":"(anonymous_25)","decl":{"start":{"line":238,"column":16},"end":{"line":238,"column":30}},"loc":{"start":{"line":238,"column":30},"end":{"line":240,"column":null}},"line":238},"26":{"name":"(anonymous_26)","decl":{"start":{"line":240,"column":20},"end":{"line":240,"column":28}},"loc":{"start":{"line":240,"column":37},"end":{"line":240,"column":81}},"line":240},"27":{"name":"(anonymous_27)","decl":{"start":{"line":259,"column":16},"end":{"line":259,"column":26}},"loc":{"start":{"line":259,"column":31},"end":{"line":259,"column":77}},"line":259},"28":{"name":"(anonymous_28)","decl":{"start":{"line":260,"column":16},"end":{"line":260,"column":30}},"loc":{"start":{"line":260,"column":30},"end":{"line":262,"column":null}},"line":260},"29":{"name":"(anonymous_29)","decl":{"start":{"line":262,"column":20},"end":{"line":262,"column":28}},"loc":{"start":{"line":262,"column":37},"end":{"line":262,"column":81}},"line":262},"30":{"name":"(anonymous_30)","decl":{"start":{"line":282,"column":16},"end":{"line":282,"column":26}},"loc":{"start":{"line":282,"column":31},"end":{"line":282,"column":74}},"line":282},"31":{"name":"(anonymous_31)","decl":{"start":{"line":299,"column":16},"end":{"line":299,"column":26}},"loc":{"start":{"line":299,"column":31},"end":{"line":301,"column":null}},"line":299},"32":{"name":"(anonymous_32)","decl":{"start":{"line":300,"column":18},"end":{"line":300,"column":26}},"loc":{"start":{"line":300,"column":35},"end":{"line":300,"column":84}},"line":300},"33":{"name":"(anonymous_33)","decl":{"start":{"line":305,"column":25},"end":{"line":305,"column":29}},"loc":{"start":{"line":305,"column":34},"end":{"line":305,"column":73}},"line":305},"34":{"name":"(anonymous_34)","decl":{"start":{"line":315,"column":16},"end":{"line":315,"column":26}},"loc":{"start":{"line":315,"column":31},"end":{"line":318,"column":null}},"line":315},"35":{"name":"(anonymous_35)","decl":{"start":{"line":317,"column":18},"end":{"line":317,"column":26}},"loc":{"start":{"line":317,"column":35},"end":{"line":317,"column":72}},"line":317},"36":{"name":"(anonymous_36)","decl":{"start":{"line":320,"column":16},"end":{"line":320,"column":31}},"loc":{"start":{"line":320,"column":31},"end":{"line":320,"column":null}},"line":320},"37":{"name":"(anonymous_37)","decl":{"start":{"line":321,"column":16},"end":{"line":321,"column":30}},"loc":{"start":{"line":321,"column":30},"end":{"line":322,"column":null}},"line":321},"38":{"name":"(anonymous_38)","decl":{"start":{"line":322,"column":18},"end":{"line":322,"column":35}},"loc":{"start":{"line":322,"column":35},"end":{"line":322,"column":82}},"line":322},"39":{"name":"(anonymous_39)","decl":{"start":{"line":331,"column":36},"end":{"line":331,"column":41}},"loc":{"start":{"line":331,"column":55},"end":{"line":344,"column":null}},"line":331},"40":{"name":"(anonymous_40)","decl":{"start":{"line":337,"column":24},"end":{"line":337,"column":37}},"loc":{"start":{"line":337,"column":42},"end":{"line":337,"column":null}},"line":337},"41":{"name":"(anonymous_41)","decl":{"start":{"line":353,"column":97},"end":{"line":353,"column":107}},"loc":{"start":{"line":353,"column":112},"end":{"line":353,"column":167}},"line":353},"42":{"name":"(anonymous_42)","decl":{"start":{"line":355,"column":26},"end":{"line":355,"column":30}},"loc":{"start":{"line":355,"column":35},"end":{"line":355,"column":74}},"line":355},"43":{"name":"(anonymous_43)","decl":{"start":{"line":361,"column":85},"end":{"line":361,"column":95}},"loc":{"start":{"line":361,"column":100},"end":{"line":361,"column":165}},"line":361},"44":{"name":"(anonymous_44)","decl":{"start":{"line":362,"column":28},"end":{"line":362,"column":32}},"loc":{"start":{"line":362,"column":37},"end":{"line":362,"column":null}},"line":362},"45":{"name":"(anonymous_45)","decl":{"start":{"line":368,"column":109},"end":{"line":368,"column":119}},"loc":{"start":{"line":368,"column":124},"end":{"line":368,"column":183}},"line":368},"46":{"name":"(anonymous_46)","decl":{"start":{"line":372,"column":120},"end":{"line":372,"column":130}},"loc":{"start":{"line":372,"column":135},"end":{"line":372,"column":198}},"line":372},"47":{"name":"(anonymous_47)","decl":{"start":{"line":376,"column":117},"end":{"line":376,"column":127}},"loc":{"start":{"line":376,"column":132},"end":{"line":376,"column":194}},"line":376},"48":{"name":"(anonymous_48)","decl":{"start":{"line":380,"column":110},"end":{"line":380,"column":120}},"loc":{"start":{"line":380,"column":125},"end":{"line":380,"column":180}},"line":380},"49":{"name":"(anonymous_49)","decl":{"start":{"line":388,"column":47},"end":{"line":388,"column":52}},"loc":{"start":{"line":389,"column":18},"end":{"line":406,"column":null}},"line":389},"50":{"name":"(anonymous_50)","decl":{"start":{"line":397,"column":22},"end":{"line":397,"column":37}},"loc":{"start":{"line":397,"column":37},"end":{"line":400,"column":null}},"line":397},"51":{"name":"(anonymous_51)","decl":{"start":{"line":415,"column":18},"end":{"line":415,"column":28}},"loc":{"start":{"line":415,"column":33},"end":{"line":425,"column":null}},"line":415},"52":{"name":"(anonymous_52)","decl":{"start":{"line":418,"column":20},"end":{"line":418,"column":28}},"loc":{"start":{"line":418,"column":37},"end":{"line":424,"column":23}},"line":418},"53":{"name":"(anonymous_53)","decl":{"start":{"line":430,"column":80},"end":{"line":430,"column":84}},"loc":{"start":{"line":431,"column":20},"end":{"line":431,"column":null}},"line":431},"54":{"name":"(anonymous_54)","decl":{"start":{"line":440,"column":51},"end":{"line":440,"column":66}},"loc":{"start":{"line":440,"column":66},"end":{"line":440,"column":132}},"line":440},"55":{"name":"(anonymous_55)","decl":{"start":{"line":461,"column":24},"end":{"line":461,"column":39}},"loc":{"start":{"line":461,"column":39},"end":{"line":461,"column":57}},"line":461},"56":{"name":"(anonymous_56)","decl":{"start":{"line":462,"column":24},"end":{"line":462,"column":39}},"loc":{"start":{"line":462,"column":39},"end":{"line":462,"column":59}},"line":462},"57":{"name":"(anonymous_57)","decl":{"start":{"line":463,"column":24},"end":{"line":463,"column":39}},"loc":{"start":{"line":463,"column":39},"end":{"line":463,"column":70}},"line":463},"58":{"name":"(anonymous_58)","decl":{"start":{"line":464,"column":24},"end":{"line":464,"column":39}},"loc":{"start":{"line":464,"column":39},"end":{"line":464,"column":66}},"line":464},"59":{"name":"(anonymous_59)","decl":{"start":{"line":465,"column":24},"end":{"line":465,"column":39}},"loc":{"start":{"line":465,"column":39},"end":{"line":465,"column":70}},"line":465},"60":{"name":"(anonymous_60)","decl":{"start":{"line":471,"column":30},"end":{"line":471,"column":34}},"loc":{"start":{"line":472,"column":20},"end":{"line":493,"column":null}},"line":472},"61":{"name":"(anonymous_61)","decl":{"start":{"line":489,"column":101},"end":{"line":489,"column":116}},"loc":{"start":{"line":489,"column":116},"end":{"line":489,"column":130}},"line":489},"62":{"name":"(anonymous_62)","decl":{"start":{"line":490,"column":102},"end":{"line":490,"column":117}},"loc":{"start":{"line":490,"column":117},"end":{"line":490,"column":139}},"line":490},"63":{"name":"(anonymous_63)","decl":{"start":{"line":503,"column":39},"end":{"line":503,"column":54}},"loc":{"start":{"line":503,"column":54},"end":{"line":503,"column":76}},"line":503},"64":{"name":"(anonymous_64)","decl":{"start":{"line":504,"column":41},"end":{"line":504,"column":50}},"loc":{"start":{"line":504,"column":55},"end":{"line":504,"column":74}},"line":504},"65":{"name":"(anonymous_65)","decl":{"start":{"line":510,"column":53},"end":{"line":510,"column":68}},"loc":{"start":{"line":510,"column":68},"end":{"line":510,"column":90}},"line":510},"66":{"name":"(anonymous_66)","decl":{"start":{"line":511,"column":82},"end":{"line":511,"column":97}},"loc":{"start":{"line":511,"column":97},"end":{"line":511,"column":127}},"line":511}},"branchMap":{"0":{"loc":{"start":{"line":50,"column":20},"end":{"line":50,"column":null}},"type":"cond-expr","locations":[{"start":{"line":50,"column":25},"end":{"line":50,"column":67}},{"start":{"line":50,"column":70},"end":{"line":50,"column":null}}],"line":50},"1":{"loc":{"start":{"line":51,"column":20},"end":{"line":51,"column":null}},"type":"cond-expr","locations":[{"start":{"line":51,"column":25},"end":{"line":51,"column":66}},{"start":{"line":51,"column":69},"end":{"line":51,"column":null}}],"line":51},"2":{"loc":{"start":{"line":52,"column":22},"end":{"line":52,"column":null}},"type":"cond-expr","locations":[{"start":{"line":52,"column":27},"end":{"line":52,"column":59}},{"start":{"line":52,"column":62},"end":{"line":52,"column":null}}],"line":52},"3":{"loc":{"start":{"line":55,"column":4},"end":{"line":55,"column":null}},"type":"if","locations":[{"start":{"line":55,"column":4},"end":{"line":55,"column":null}},{"start":{},"end":{}}],"line":55},"4":{"loc":{"start":{"line":55,"column":8},"end":{"line":55,"column":41}},"type":"binary-expr","locations":[{"start":{"line":55,"column":8},"end":{"line":55,"column":24}},{"start":{"line":55,"column":24},"end":{"line":55,"column":41}}],"line":55},"5":{"loc":{"start":{"line":56,"column":18},"end":{"line":56,"column":53}},"type":"binary-expr","locations":[{"start":{"line":56,"column":18},"end":{"line":56,"column":51}},{"start":{"line":56,"column":51},"end":{"line":56,"column":53}}],"line":56},"6":{"loc":{"start":{"line":71,"column":4},"end":{"line":71,"column":null}},"type":"if","locations":[{"start":{"line":71,"column":4},"end":{"line":71,"column":null}},{"start":{},"end":{}}],"line":71},"7":{"loc":{"start":{"line":71,"column":8},"end":{"line":71,"column":53}},"type":"binary-expr","locations":[{"start":{"line":71,"column":8},"end":{"line":71,"column":22}},{"start":{"line":71,"column":22},"end":{"line":71,"column":53}}],"line":71},"8":{"loc":{"start":{"line":72,"column":4},"end":{"line":83,"column":null}},"type":"if","locations":[{"start":{"line":72,"column":4},"end":{"line":83,"column":null}},{"start":{"line":75,"column":15},"end":{"line":83,"column":null}}],"line":72},"9":{"loc":{"start":{"line":75,"column":15},"end":{"line":83,"column":null}},"type":"if","locations":[{"start":{"line":75,"column":15},"end":{"line":83,"column":null}},{"start":{"line":78,"column":15},"end":{"line":83,"column":null}}],"line":75},"10":{"loc":{"start":{"line":78,"column":15},"end":{"line":83,"column":null}},"type":"if","locations":[{"start":{"line":78,"column":15},"end":{"line":83,"column":null}},{"start":{"line":81,"column":15},"end":{"line":83,"column":null}}],"line":78},"11":{"loc":{"start":{"line":78,"column":15},"end":{"line":78,"column":52}},"type":"binary-expr","locations":[{"start":{"line":78,"column":15},"end":{"line":78,"column":36}},{"start":{"line":78,"column":36},"end":{"line":78,"column":52}}],"line":78},"12":{"loc":{"start":{"line":81,"column":15},"end":{"line":83,"column":null}},"type":"if","locations":[{"start":{"line":81,"column":15},"end":{"line":83,"column":null}},{"start":{},"end":{}}],"line":81},"13":{"loc":{"start":{"line":91,"column":4},"end":{"line":91,"column":null}},"type":"if","locations":[{"start":{"line":91,"column":4},"end":{"line":91,"column":null}},{"start":{},"end":{}}],"line":91},"14":{"loc":{"start":{"line":92,"column":4},"end":{"line":99,"column":null}},"type":"if","locations":[{"start":{"line":92,"column":4},"end":{"line":99,"column":null}},{"start":{"line":95,"column":11},"end":{"line":99,"column":null}}],"line":92},"15":{"loc":{"start":{"line":105,"column":4},"end":{"line":106,"column":null}},"type":"if","locations":[{"start":{"line":105,"column":4},"end":{"line":106,"column":null}},{"start":{},"end":{}}],"line":105},"16":{"loc":{"start":{"line":114,"column":17},"end":{"line":114,"column":32}},"type":"binary-expr","locations":[{"start":{"line":114,"column":17},"end":{"line":114,"column":29}},{"start":{"line":114,"column":29},"end":{"line":114,"column":32}}],"line":114},"17":{"loc":{"start":{"line":121,"column":4},"end":{"line":124,"column":null}},"type":"if","locations":[{"start":{"line":121,"column":4},"end":{"line":124,"column":null}},{"start":{},"end":{}}],"line":121},"18":{"loc":{"start":{"line":129,"column":4},"end":{"line":133,"column":null}},"type":"if","locations":[{"start":{"line":129,"column":4},"end":{"line":133,"column":null}},{"start":{"line":131,"column":11},"end":{"line":133,"column":null}}],"line":129},"19":{"loc":{"start":{"line":130,"column":25},"end":{"line":130,"column":57}},"type":"cond-expr","locations":[{"start":{"line":130,"column":42},"end":{"line":130,"column":51}},{"start":{"line":130,"column":51},"end":{"line":130,"column":57}}],"line":130},"20":{"loc":{"start":{"line":138,"column":4},"end":{"line":138,"column":null}},"type":"if","locations":[{"start":{"line":138,"column":4},"end":{"line":138,"column":null}},{"start":{},"end":{}}],"line":138},"21":{"loc":{"start":{"line":139,"column":11},"end":{"line":139,"column":null}},"type":"cond-expr","locations":[{"start":{"line":139,"column":31},"end":{"line":139,"column":38}},{"start":{"line":139,"column":38},"end":{"line":139,"column":null}}],"line":139},"22":{"loc":{"start":{"line":146,"column":6},"end":{"line":147,"column":null}},"type":"if","locations":[{"start":{"line":146,"column":6},"end":{"line":147,"column":null}},{"start":{},"end":{}}],"line":146},"23":{"loc":{"start":{"line":146,"column":10},"end":{"line":146,"column":64}},"type":"binary-expr","locations":[{"start":{"line":146,"column":10},"end":{"line":146,"column":38}},{"start":{"line":146,"column":38},"end":{"line":146,"column":64}}],"line":146},"24":{"loc":{"start":{"line":147,"column":15},"end":{"line":147,"column":86}},"type":"cond-expr","locations":[{"start":{"line":147,"column":35},"end":{"line":147,"column":59}},{"start":{"line":147,"column":62},"end":{"line":147,"column":86}}],"line":147},"25":{"loc":{"start":{"line":149,"column":6},"end":{"line":150,"column":null}},"type":"if","locations":[{"start":{"line":149,"column":6},"end":{"line":150,"column":null}},{"start":{},"end":{}}],"line":149},"26":{"loc":{"start":{"line":149,"column":10},"end":{"line":149,"column":64}},"type":"binary-expr","locations":[{"start":{"line":149,"column":10},"end":{"line":149,"column":38}},{"start":{"line":149,"column":38},"end":{"line":149,"column":64}}],"line":149},"27":{"loc":{"start":{"line":150,"column":15},"end":{"line":150,"column":null}},"type":"cond-expr","locations":[{"start":{"line":150,"column":35},"end":{"line":150,"column":49}},{"start":{"line":150,"column":49},"end":{"line":150,"column":null}}],"line":150},"28":{"loc":{"start":{"line":174,"column":4},"end":{"line":174,"column":null}},"type":"if","locations":[{"start":{"line":174,"column":4},"end":{"line":174,"column":null}},{"start":{},"end":{}}],"line":174},"29":{"loc":{"start":{"line":175,"column":4},"end":{"line":175,"column":null}},"type":"if","locations":[{"start":{"line":175,"column":4},"end":{"line":175,"column":null}},{"start":{},"end":{}}],"line":175},"30":{"loc":{"start":{"line":219,"column":46},"end":{"line":219,"column":94}},"type":"cond-expr","locations":[{"start":{"line":219,"column":55},"end":{"line":219,"column":74}},{"start":{"line":219,"column":74},"end":{"line":219,"column":94}}],"line":219},"31":{"loc":{"start":{"line":239,"column":18},"end":{"line":240,"column":null}},"type":"if","locations":[{"start":{"line":239,"column":18},"end":{"line":240,"column":null}},{"start":{},"end":{}}],"line":239},"32":{"loc":{"start":{"line":239,"column":22},"end":{"line":239,"column":58}},"type":"binary-expr","locations":[{"start":{"line":239,"column":22},"end":{"line":239,"column":39}},{"start":{"line":239,"column":39},"end":{"line":239,"column":58}}],"line":239},"33":{"loc":{"start":{"line":246,"column":15},"end":{"line":249,"column":null}},"type":"binary-expr","locations":[{"start":{"line":246,"column":15},"end":{"line":246,"column":null}},{"start":{"line":247,"column":16},"end":{"line":249,"column":null}}],"line":246},"34":{"loc":{"start":{"line":247,"column":57},"end":{"line":247,"column":null}},"type":"cond-expr","locations":[{"start":{"line":247,"column":76},"end":{"line":247,"column":108}},{"start":{"line":247,"column":108},"end":{"line":247,"column":null}}],"line":247},"35":{"loc":{"start":{"line":248,"column":19},"end":{"line":248,"column":null}},"type":"cond-expr","locations":[{"start":{"line":248,"column":38},"end":{"line":248,"column":44}},{"start":{"line":248,"column":44},"end":{"line":248,"column":null}}],"line":248},"36":{"loc":{"start":{"line":261,"column":18},"end":{"line":262,"column":null}},"type":"if","locations":[{"start":{"line":261,"column":18},"end":{"line":262,"column":null}},{"start":{},"end":{}}],"line":261},"37":{"loc":{"start":{"line":261,"column":22},"end":{"line":261,"column":58}},"type":"binary-expr","locations":[{"start":{"line":261,"column":22},"end":{"line":261,"column":39}},{"start":{"line":261,"column":39},"end":{"line":261,"column":58}}],"line":261},"38":{"loc":{"start":{"line":268,"column":15},"end":{"line":271,"column":null}},"type":"binary-expr","locations":[{"start":{"line":268,"column":15},"end":{"line":268,"column":null}},{"start":{"line":269,"column":16},"end":{"line":271,"column":null}}],"line":268},"39":{"loc":{"start":{"line":269,"column":57},"end":{"line":269,"column":null}},"type":"cond-expr","locations":[{"start":{"line":269,"column":76},"end":{"line":269,"column":108}},{"start":{"line":269,"column":108},"end":{"line":269,"column":null}}],"line":269},"40":{"loc":{"start":{"line":270,"column":19},"end":{"line":270,"column":null}},"type":"cond-expr","locations":[{"start":{"line":270,"column":38},"end":{"line":270,"column":44}},{"start":{"line":270,"column":44},"end":{"line":270,"column":null}}],"line":270},"41":{"loc":{"start":{"line":286,"column":15},"end":{"line":289,"column":null}},"type":"binary-expr","locations":[{"start":{"line":286,"column":15},"end":{"line":286,"column":null}},{"start":{"line":287,"column":16},"end":{"line":289,"column":null}}],"line":286},"42":{"loc":{"start":{"line":287,"column":57},"end":{"line":287,"column":null}},"type":"cond-expr","locations":[{"start":{"line":287,"column":71},"end":{"line":287,"column":103}},{"start":{"line":287,"column":103},"end":{"line":287,"column":null}}],"line":287},"43":{"loc":{"start":{"line":288,"column":19},"end":{"line":288,"column":null}},"type":"cond-expr","locations":[{"start":{"line":288,"column":33},"end":{"line":288,"column":39}},{"start":{"line":288,"column":39},"end":{"line":288,"column":null}}],"line":288},"44":{"loc":{"start":{"line":320,"column":33},"end":{"line":320,"column":null}},"type":"if","locations":[{"start":{"line":320,"column":33},"end":{"line":320,"column":null}},{"start":{},"end":{}}],"line":320},"45":{"loc":{"start":{"line":325,"column":29},"end":{"line":325,"column":null}},"type":"cond-expr","locations":[{"start":{"line":325,"column":43},"end":{"line":325,"column":66}},{"start":{"line":325,"column":66},"end":{"line":325,"column":null}}],"line":325},"46":{"loc":{"start":{"line":329,"column":15},"end":{"line":347,"column":null}},"type":"binary-expr","locations":[{"start":{"line":329,"column":15},"end":{"line":329,"column":28}},{"start":{"line":329,"column":28},"end":{"line":329,"column":43}},{"start":{"line":329,"column":43},"end":{"line":329,"column":null}},{"start":{"line":330,"column":16},"end":{"line":347,"column":null}}],"line":329},"47":{"loc":{"start":{"line":336,"column":61},"end":{"line":336,"column":null}},"type":"cond-expr","locations":[{"start":{"line":336,"column":79},"end":{"line":336,"column":114}},{"start":{"line":336,"column":114},"end":{"line":336,"column":null}}],"line":336},"48":{"loc":{"start":{"line":339,"column":25},"end":{"line":343,"column":null}},"type":"cond-expr","locations":[{"start":{"line":339,"column":36},"end":{"line":343,"column":30}},{"start":{"line":343,"column":30},"end":{"line":343,"column":null}}],"line":339},"49":{"loc":{"start":{"line":368,"column":83},"end":{"line":368,"column":109}},"type":"binary-expr","locations":[{"start":{"line":368,"column":83},"end":{"line":368,"column":105}},{"start":{"line":368,"column":105},"end":{"line":368,"column":109}}],"line":368},"50":{"loc":{"start":{"line":372,"column":90},"end":{"line":372,"column":120}},"type":"binary-expr","locations":[{"start":{"line":372,"column":90},"end":{"line":372,"column":116}},{"start":{"line":372,"column":116},"end":{"line":372,"column":120}}],"line":372},"51":{"loc":{"start":{"line":376,"column":88},"end":{"line":376,"column":117}},"type":"binary-expr","locations":[{"start":{"line":376,"column":88},"end":{"line":376,"column":113}},{"start":{"line":376,"column":113},"end":{"line":376,"column":117}}],"line":376},"52":{"loc":{"start":{"line":386,"column":13},"end":{"line":408,"column":null}},"type":"binary-expr","locations":[{"start":{"line":386,"column":13},"end":{"line":386,"column":null}},{"start":{"line":387,"column":14},"end":{"line":408,"column":null}}],"line":386},"53":{"loc":{"start":{"line":417,"column":20},"end":{"line":417,"column":null}},"type":"if","locations":[{"start":{"line":417,"column":20},"end":{"line":417,"column":null}},{"start":{},"end":{}}],"line":417},"54":{"loc":{"start":{"line":439,"column":72},"end":{"line":439,"column":129}},"type":"cond-expr","locations":[{"start":{"line":439,"column":81},"end":{"line":439,"column":103}},{"start":{"line":439,"column":103},"end":{"line":439,"column":129}}],"line":439},"55":{"loc":{"start":{"line":451,"column":11},"end":{"line":497,"column":null}},"type":"cond-expr","locations":[{"start":{"line":452,"column":12},"end":{"line":457,"column":13}},{"start":{"line":457,"column":12},"end":{"line":497,"column":null}}],"line":451},"56":{"loc":{"start":{"line":472,"column":46},"end":{"line":472,"column":null}},"type":"cond-expr","locations":[{"start":{"line":472,"column":71},"end":{"line":472,"column":89}},{"start":{"line":472,"column":89},"end":{"line":472,"column":null}}],"line":472},"57":{"loc":{"start":{"line":475,"column":25},"end":{"line":475,"column":null}},"type":"binary-expr","locations":[{"start":{"line":475,"column":25},"end":{"line":475,"column":39}},{"start":{"line":475,"column":39},"end":{"line":475,"column":null}}],"line":475},"58":{"loc":{"start":{"line":476,"column":25},"end":{"line":476,"column":null}},"type":"binary-expr","locations":[{"start":{"line":476,"column":25},"end":{"line":476,"column":39}},{"start":{"line":476,"column":39},"end":{"line":476,"column":null}}],"line":476},"59":{"loc":{"start":{"line":478,"column":37},"end":{"line":478,"column":73}},"type":"cond-expr","locations":[{"start":{"line":478,"column":48},"end":{"line":478,"column":65}},{"start":{"line":478,"column":65},"end":{"line":478,"column":73}}],"line":478},"60":{"loc":{"start":{"line":479,"column":27},"end":{"line":479,"column":61}},"type":"binary-expr","locations":[{"start":{"line":479,"column":27},"end":{"line":479,"column":50}},{"start":{"line":479,"column":50},"end":{"line":479,"column":61}}],"line":479},"61":{"loc":{"start":{"line":483,"column":50},"end":{"line":483,"column":null}},"type":"cond-expr","locations":[{"start":{"line":483,"column":73},"end":{"line":483,"column":92}},{"start":{"line":483,"column":92},"end":{"line":483,"column":null}}],"line":483},"62":{"loc":{"start":{"line":483,"column":92},"end":{"line":483,"column":null}},"type":"cond-expr","locations":[{"start":{"line":483,"column":118},"end":{"line":483,"column":134}},{"start":{"line":483,"column":134},"end":{"line":483,"column":null}}],"line":483},"63":{"loc":{"start":{"line":502,"column":7},"end":{"line":514,"column":null}},"type":"binary-expr","locations":[{"start":{"line":502,"column":7},"end":{"line":502,"column":null}},{"start":{"line":503,"column":8},"end":{"line":514,"column":null}}],"line":502}},"s":{"0":1,"1":1,"2":1,"3":1,"4":74,"5":74,"6":74,"7":74,"8":74,"9":74,"10":74,"11":74,"12":74,"13":74,"14":74,"15":74,"16":74,"17":74,"18":74,"19":74,"20":74,"21":74,"22":11,"23":10,"24":1,"25":11,"26":11,"27":69,"28":74,"29":0,"30":0,"31":0,"32":0,"33":0,"34":74,"35":0,"36":0,"37":0,"38":0,"39":0,"40":0,"41":0,"42":0,"43":0,"44":0,"45":0,"46":0,"47":0,"48":0,"49":0,"50":0,"51":74,"52":1,"53":74,"54":2,"55":74,"56":3,"57":0,"58":3,"59":1,"60":1,"61":2,"62":2,"63":2,"64":2,"65":2,"66":3,"67":3,"68":3,"69":3,"70":3,"71":2,"72":2,"73":3,"74":74,"75":1,"76":1,"77":1,"78":1,"79":74,"80":1,"81":1,"82":1,"83":0,"84":0,"85":0,"86":74,"87":0,"88":0,"89":0,"90":0,"91":0,"92":74,"93":150,"94":120,"95":30,"96":74,"97":9,"98":0,"99":0,"100":0,"101":0,"102":0,"103":0,"104":0,"105":74,"106":9,"107":5,"108":74,"109":30,"110":0,"111":30,"112":0,"113":30,"114":74,"115":45,"116":14,"117":14,"118":1,"119":0,"120":0,"121":0,"122":0,"123":0,"124":0,"125":0,"126":2,"127":2,"128":2,"129":1998,"130":0,"131":0,"132":0,"133":0,"134":0,"135":0,"136":0,"137":0,"138":0,"139":0,"140":0,"141":0,"142":0,"143":2,"144":1332,"145":0,"146":222,"147":0,"148":0,"149":0,"150":0,"151":0,"152":0,"153":0,"154":0,"155":0,"156":0,"157":0,"158":0,"159":0,"160":0,"161":0,"162":0,"163":0,"164":0,"165":0,"166":0,"167":0,"168":0,"169":0,"170":30,"171":1,"172":1,"173":0,"174":1,"175":0,"176":1},"f":{"0":74,"1":11,"2":69,"3":0,"4":0,"5":0,"6":0,"7":0,"8":1,"9":2,"10":3,"11":2,"12":2,"13":1,"14":1,"15":0,"16":0,"17":150,"18":9,"19":0,"20":9,"21":5,"22":30,"23":45,"24":14,"25":1,"26":0,"27":0,"28":0,"29":0,"30":0,"31":2,"32":2,"33":1998,"34":0,"35":0,"36":0,"37":0,"38":0,"39":0,"40":0,"41":2,"42":1332,"43":0,"44":222,"45":0,"46":0,"47":0,"48":0,"49":0,"50":0,"51":0,"52":0,"53":0,"54":0,"55":0,"56":0,"57":0,"58":0,"59":0,"60":30,"61":1,"62":1,"63":0,"64":1,"65":0,"66":1},"b":{"0":[14,60],"1":[0,74],"2":[0,74],"3":[10,1],"4":[11,3],"5":[1,0],"6":[0,0],"7":[0,0],"8":[0,0],"9":[0,0],"10":[0,0],"11":[0,0],"12":[0,0],"13":[0,3],"14":[1,2],"15":[2,1],"16":[1,0],"17":[0,1],"18":[0,0],"19":[0,0],"20":[120,30],"21":[30,0],"22":[0,0],"23":[0,0],"24":[0,0],"25":[0,0],"26":[0,0],"27":[0,0],"28":[0,30],"29":[0,30],"30":[24,50],"31":[0,1],"32":[1,1],"33":[74,14],"34":[0,14],"35":[0,14],"36":[0,0],"37":[0,0],"38":[74,0],"39":[0,0],"40":[0,0],"41":[74,0],"42":[0,0],"43":[0,0],"44":[0,0],"45":[28,46],"46":[74,0,0,0],"47":[0,0],"48":[0,0],"49":[74,50],"50":[74,50],"51":[74,50],"52":[74,0],"53":[0,0],"54":[24,50],"55":[44,30],"56":[2,28],"57":[30,0],"58":[30,0],"59":[30,0],"60":[30,0],"61":[30,0],"62":[0,0],"63":[74,1]},"meta":{"lastBranch":64,"lastFunction":67,"lastStatement":177,"seen":{"s:10:16:10:Infinity":0,"s:11:17:11:Infinity":1,"s:12:19:12:Infinity":2,"s:14:27:29:Infinity":3,"f:34:16:34:39":0,"s:35:2:35:Infinity":4,"s:36:46:36:73":5,"s:37:15:37:61":6,"s:38:17:38:59":7,"s:39:24:39:73":8,"s:40:24:40:73":9,"s:41:20:41:48":10,"s:42:20:42:51":11,"s:43:20:43:48":12,"s:44:20:44:63":13,"s:45:18:45:56":14,"s:46:8:46:46":15,"s:47:8:47:47":16,"s:48:8:48:46":17,"s:50:20:50:Infinity":18,"b:50:25:50:67:50:70:50:Infinity":0,"s:51:20:51:Infinity":19,"b:51:25:51:66:51:69:51:Infinity":1,"s:52:22:52:Infinity":20,"b:52:27:52:59:52:62:52:Infinity":2,"s:54:8:61:30":21,"f:54:27:54:41":1,"b:55:4:55:Infinity:undefined:undefined:undefined:undefined":3,"s:55:4:55:Infinity":22,"b:55:8:55:24:55:24:55:41":4,"s:55:43:55:Infinity":23,"s:56:18:56:53":24,"b:56:18:56:51:56:51:56:53":5,"s:57:18:57:90":25,"s:58:4:60:Infinity":26,"f:59:7:59:14":2,"s:59:19:59:99":27,"s:63:8:68:8":28,"f:63:21:63:34":3,"s:64:4:64:Infinity":29,"f:64:4:64:12":4,"s:64:21:64:42":30,"s:65:4:65:Infinity":31,"s:66:4:66:Infinity":32,"s:67:4:67:Infinity":33,"s:70:8:83:Infinity":34,"f:70:8:70:29":5,"b:71:4:71:Infinity:undefined:undefined:undefined:undefined":6,"s:71:4:71:Infinity":35,"b:71:8:71:22:71:22:71:53":7,"s:71:53:71:Infinity":36,"b:72:4:83:Infinity:75:15:83:Infinity":8,"s:72:4:83:Infinity":37,"s:73:6:73:Infinity":38,"s:74:6:74:Infinity":39,"f:74:6:74:19":6,"s:74:27:74:74":40,"b:75:15:83:Infinity:78:15:83:Infinity":9,"s:75:15:83:Infinity":41,"s:76:6:76:Infinity":42,"s:77:6:77:Infinity":43,"f:77:6:77:19":7,"s:77:27:77:49":44,"b:78:15:83:Infinity:81:15:83:Infinity":10,"s:78:15:83:Infinity":45,"b:78:15:78:36:78:36:78:52":11,"s:79:6:79:Infinity":46,"s:80:6:80:Infinity":47,"b:81:15:83:Infinity:undefined:undefined:undefined:undefined":12,"s:81:15:83:Infinity":48,"s:82:6:82:Infinity":49,"s:83:6:83:Infinity":50,"s:87:8:87:100":51,"f:87:8:87:29":8,"s:87:29:87:100":52,"s:88:8:88:102":53,"f:88:8:88:30":9,"s:88:30:88:102":54,"s:90:8:108:Infinity":55,"f:90:8:90:28":10,"b:91:4:91:Infinity:undefined:undefined:undefined:undefined":13,"s:91:4:91:Infinity":56,"s:91:27:91:Infinity":57,"b:92:4:99:Infinity:95:11:99:Infinity":14,"s:92:4:99:Infinity":58,"s:93:6:93:Infinity":59,"s:94:6:94:Infinity":60,"s:96:21:96:Infinity":61,"s:97:6:97:Infinity":62,"s:98:6:98:Infinity":63,"s:99:6:99:Infinity":64,"f:99:6:99:23":11,"s:99:23:99:45":65,"s:101:4:101:Infinity":66,"s:102:4:102:Infinity":67,"s:103:4:103:Infinity":68,"s:104:4:104:Infinity":69,"b:105:4:106:Infinity:undefined:undefined:undefined:undefined":15,"s:105:4:106:Infinity":70,"s:106:6:106:Infinity":71,"f:106:6:106:23":12,"s:106:23:106:38":72,"s:108:4:108:Infinity":73,"s:111:8:115:Infinity":74,"f:111:8:111:23":13,"s:112:4:112:Infinity":75,"s:113:4:113:Infinity":76,"s:114:4:114:Infinity":77,"b:114:17:114:29:114:29:114:32":16,"s:115:4:115:Infinity":78,"s:118:8:124:Infinity":79,"f:118:8:118:27":14,"s:119:4:119:Infinity":80,"s:120:4:120:Infinity":81,"b:121:4:124:Infinity:undefined:undefined:undefined:undefined":17,"s:
[...]
,"/home/italo/Projetos/InsightPro-Agricola/src/store/DataContext.tsx": {"path":"/home/italo/Projetos/InsightPro-Agricola/src/store/DataContext.tsx","statementMap":{"0":{"start":{"line":6,"column":6},"end":{"line":6,"column":73}},"1":{"start":{"line":9,"column":18},"end":{"line":11,"column":null}},"2":{"start":{"line":10,"column":4},"end":{"line":10,"column":null}},"3":{"start":{"line":13,"column":24},"end":{"line":13,"column":80}},"4":{"start":{"line":15,"column":2},"end":{"line":17,"column":null}},"5":{"start":{"line":16,"column":4},"end":{"line":16,"column":null}},"6":{"start":{"line":19,"column":8},"end":{"line":22,"column":8}},"7":{"start":{"line":20,"column":20},"end":{"line":20,"column":54}},"8":{"start":{"line":21,"column":4},"end":{"line":21,"column":null}},"9":{"start":{"line":24,"column":8},"end":{"line":27,"column":8}},"10":{"start":{"line":25,"column":20},"end":{"line":25,"column":70}},"11":{"start":{"line":26,"column":4},"end":{"line":26,"column":null}},"12":{"start":{"line":29,"column":8},"end":{"line":32,"column":8}},"13":{"start":{"line":30,"column":20},"end":{"line":30,"column":61}},"14":{"start":{"line":31,"column":4},"end":{"line":31,"column":null}},"15":{"start":{"line":34,"column":23},"end":{"line":46,"column":null}},"16":{"start":{"line":35,"column":4},"end":{"line":45,"column":null}},"17":{"start":{"line":36,"column":6},"end":{"line":36,"column":null}},"18":{"start":{"line":36,"column":18},"end":{"line":36,"column":null}},"19":{"start":{"line":37,"column":25},"end":{"line":37,"column":null}},"20":{"start":{"line":38,"column":6},"end":{"line":39,"column":null}},"21":{"start":{"line":39,"column":8},"end":{"line":39,"column":null}},"22":{"start":{"line":41,"column":6},"end":{"line":42,"column":null}},"23":{"start":{"line":42,"column":8},"end":{"line":42,"column":null}},"24":{"start":{"line":44,"column":6},"end":{"line":44,"column":null}},"25":{"start":{"line":48,"column":8},"end":{"line":49,"column":null}},"26":{"start":{"line":49,"column":4},"end":{"line":49,"column":null}},"27":{"start":{"line":52,"column":8},"end":{"line":53,"column":null}},"28":{"start":{"line":53,"column":4},"end":{"line":53,"column":null}},"29":{"start":{"line":56,"column":8},"end":{"line":93,"column":null}},"30":{"start":{"line":57,"column":20},"end":{"line":61,"column":6}},"31":{"start":{"line":60,"column":28},"end":{"line":60,"column":null}},"32":{"start":{"line":63,"column":31},"end":{"line":88,"column":null}},"33":{"start":{"line":64,"column":12},"end":{"line":69,"column":null}},"34":{"start":{"line":65,"column":8},"end":{"line":67,"column":null}},"35":{"start":{"line":66,"column":32},"end":{"line":66,"column":98}},"36":{"start":{"line":67,"column":10},"end":{"line":67,"column":null}},"37":{"start":{"line":67,"column":34},"end":{"line":67,"column":null}},"38":{"start":{"line":69,"column":8},"end":{"line":69,"column":null}},"39":{"start":{"line":72,"column":6},"end":{"line":87,"column":null}},"40":{"start":{"line":90,"column":20},"end":{"line":90,"column":55}},"41":{"start":{"line":91,"column":20},"end":{"line":91,"column":44}},"42":{"start":{"line":92,"column":4},"end":{"line":92,"column":null}},"43":{"start":{"line":93,"column":4},"end":{"line":93,"column":null}},"44":{"start":{"line":96,"column":8},"end":{"line":102,"column":null}},"45":{"start":{"line":97,"column":16},"end":{"line":97,"column":42}},"46":{"start":{"line":98,"column":17},"end":{"line":98,"column":69}},"47":{"start":{"line":99,"column":17},"end":{"line":99,"column":44}},"48":{"start":{"line":100,"column":4},"end":{"line":100,"column":null}},"49":{"start":{"line":101,"column":4},"end":{"line":101,"column":null}},"50":{"start":{"line":102,"column":4},"end":{"line":102,"column":null}},"51":{"start":{"line":105,"column":20},"end":{"line":116,"column":null}},"52":{"start":{"line":106,"column":20},"end":{"line":106,"column":54}},"53":{"start":{"line":107,"column":4},"end":{"line":107,"column":null}},"54":{"start":{"line":107,"column":18},"end":{"line":107,"column":null}},"55":{"start":{"line":108,"column":10},"end":{"line":108,"column":null}},"56":{"start":{"line":109,"column":10},"end":{"line":109,"column":null}},"57":{"start":{"line":110,"column":19},"end":{"line":110,"column":59}},"58":{"start":{"line":111,"column":20},"end":{"line":111,"column":49}},"59":{"start":{"line":112,"column":16},"end":{"line":112,"column":42}},"60":{"start":{"line":113,"column":21},"end":{"line":113,"column":53}},"61":{"start":{"line":114,"column":23},"end":{"line":114,"column":null}},"62":{"start":{"line":115,"column":4},"end":{"line":115,"column":null}},"63":{"start":{"line":116,"column":4},"end":{"line":116,"column":null}},"64":{"start":{"line":119,"column":2},"end":{"line":135,"column":null}},"65":{"start":{"line":140,"column":8},"end":{"line":140,"column":41}},"66":{"start":{"line":141,"column":2},"end":{"line":142,"column":null}},"67":{"start":{"line":142,"column":4},"end":{"line":142,"column":null}},"68":{"start":{"line":144,"column":2},"end":{"line":144,"column":null}}},"fnMap":{"0":{"name":"DataProvider","decl":{"start":{"line":8,"column":16},"end":{"line":8,"column":29}},"loc":{"start":{"line":8,"column":68},"end":{"line":135,"column":null}},"line":8},"1":{"name":"(anonymous_1)","decl":{"start":{"line":9,"column":32},"end":{"line":9,"column":58}},"loc":{"start":{"line":9,"column":58},"end":{"line":11,"column":null}},"line":9},"2":{"name":"(anonymous_2)","decl":{"start":{"line":15,"column":2},"end":{"line":15,"column":18}},"loc":{"start":{"line":15,"column":18},"end":{"line":17,"column":6}},"line":15},"3":{"name":"(anonymous_3)","decl":{"start":{"line":19,"column":21},"end":{"line":19,"column":34}},"loc":{"start":{"line":19,"column":55},"end":{"line":22,"column":7}},"line":19},"4":{"name":"(anonymous_4)","decl":{"start":{"line":24,"column":24},"end":{"line":24,"column":37}},"loc":{"start":{"line":24,"column":79},"end":{"line":27,"column":7}},"line":24},"5":{"name":"(anonymous_5)","decl":{"start":{"line":29,"column":24},"end":{"line":29,"column":37}},"loc":{"start":{"line":29,"column":52},"end":{"line":32,"column":7}},"line":29},"6":{"name":"(anonymous_6)","decl":{"start":{"line":34,"column":31},"end":{"line":34,"column":38}},"loc":{"start":{"line":34,"column":49},"end":{"line":46,"column":null}},"line":34},"7":{"name":"(anonymous_7)","decl":{"start":{"line":35,"column":41},"end":{"line":35,"column":48}},"loc":{"start":{"line":35,"column":65},"end":{"line":45,"column":null}},"line":35},"8":{"name":"(anonymous_8)","decl":{"start":{"line":48,"column":8},"end":{"line":48,"column":24}},"loc":{"start":{"line":48,"column":60},"end":{"line":49,"column":null}},"line":48},"9":{"name":"(anonymous_9)","decl":{"start":{"line":52,"column":8},"end":{"line":52,"column":29}},"loc":{"start":{"line":52,"column":29},"end":{"line":53,"column":null}},"line":52},"10":{"name":"(anonymous_10)","decl":{"start":{"line":56,"column":8},"end":{"line":56,"column":21}},"loc":{"start":{"line":56,"column":100},"end":{"line":93,"column":null}},"line":56},"11":{"name":"(anonymous_11)","decl":{"start":{"line":60,"column":6},"end":{"line":60,"column":23}},"loc":{"start":{"line":60,"column":28},"end":{"line":60,"column":null}},"line":60},"12":{"name":"(anonymous_12)","decl":{"start":{"line":63,"column":44},"end":{"line":63,"column":49}},"loc":{"start":{"line":63,"column":64},"end":{"line":88,"column":null}},"line":63},"13":{"name":"(anonymous_13)","decl":{"start":{"line":64,"column":12},"end":{"line":64,"column":25}},"loc":{"start":{"line":64,"column":47},"end":{"line":69,"column":null}},"line":64},"14":{"name":"(anonymous_14)","decl":{"start":{"line":96,"column":8},"end":{"line":96,"column":26}},"loc":{"start":{"line":96,"column":26},"end":{"line":102,"column":null}},"line":96},"15":{"name":"(anonymous_15)","decl":{"start":{"line":105,"column":20},"end":{"line":105,"column":27}},"loc":{"start":{"line":105,"column":49},"end":{"line":116,"column":null}},"line":105},"16":{"name":"useData","decl":{"start":{"line":139,"column":16},"end":{"line":139,"column":26}},"loc":{"start":{"line":139,"column":26},"end":{"line":144,"column":null}},"line":139}},"branchMap":{"0":{"loc":{"start":{"line":36,"column":6},"end":{"line":36,"column":null}},"type":"if","locations":[{"start":{"line":36,"column":6},"end":{"line":36,"column":null}},{"start":{},"end":{}}],"line":36},"1":{"loc":{"start":{"line":38,"column":6},"end":{"line":39,"column":null}},"type":"if","locations":[{"start":{"line":38,"column":6},"end":{"line":39,"column":null}},{"start":{},"end":{}}],"line":38},"2":{"loc":{"start":{"line":41,"column":6},"end":{"line":42,"column":null}},"type":"if","locations":[{"start":{"line":41,"column":6},"end":{"line":42,"column":null}},{"start":{},"end":{}}],"line":41},"3":{"loc":{"start":{"line":67,"column":10},"end":{"line":67,"column":null}},"type":"if","locations":[{"start":{"line":67,"column":10},"end":{"line":67,"column":null}},{"start":{},"end":{}}],"line":67},"4":{"loc":{"start":{"line":74,"column":14},"end":{"line":74,"column":null}},"type":"binary-expr","locations":[{"start":{"line":74,"column":14},"end":{"line":74,"column":66}},{"start":{"line":74,"column":70},"end":{"line":74,"column":null}}],"line":74},"5":{"loc":{"start":{"line":81,"column":23},"end":{"line":81,"column":null}},"type":"binary-expr","locations":[{"start":{"line":81,"column":23},"end":{"line":81,"column":81}},{"start":{"line":81,"column":85},"end":{"line":81,"column":null}}],"line":81},"6":{"loc":{"start":{"line":82,"column":27},"end":{"line":82,"column":null}},"type":"binary-expr","locations":[{"start":{"line":82,"column":27},"end":{"line":82,"column":95}},{"start":{"line":82,"column":99},"end":{"line":82,"column":null}}],"line":82},"7":{"loc":{"start":{"line":83,"column":26},"end":{"line":83,"column":null}},"type":"binary-expr","locations":[{"start":{"line":83,"column":26},"end":{"line":83,"column":93}},{"start":{"line":83,"column":97},"end":{"line":83,"column":null}}],"line":83},"8":{"loc":{"start":{"line":85,"column":17},"end":{"line":85,"column":null}},"type":"binary-expr","locations":[{"start":{"line":85,"column":17},"end":{"line":85,"column":36}},{"start":{"line":85,"column":77},"end":{"line":85,"column":null}}],"line":85},"9":{"loc":{"start":{"line":107,"column":4},"end":{"line":107,"column":null}},"type":"if","locations":[{"start":{"line":107,"column":4},"end":{"line":107,"column":null}},{"start":{},"end":{}}],"line":107},"10":{"loc":{"start":{"line":141,"column":2},"end":{"line":142,"column":null}},"type":"if","locations":[{"start":{"line":141,"column":2},"end":{"line":142,"column":null}},{"start":{},"end":{}}],"line":141}},"s":{"0":4,"1":39,"2":19,"3":39,"4":39,"5":36,"6":39,"7":9,"8":9,"9":39,"10":2,"11":2,"12":39,"13":2,"14":2,"15":39,"16":27,"17":4,"18":0,"19":4,"20":4,"21":4,"22":0,"23":0,"24":0,"25":39,"26":2,"27":39,"28":1,"29":39,"30":4,"31":40,"32":4,"33":6,"34":72,"35":152,"36":152,"37":36,"38":36,"39":6,"40":4,"41":4,"42":4,"43":4,"44":39,"45":0,"46":0,"47":0,"48":0,"49":0,"50":0,"51":39,"52":0,"53":0,"54":0,"55":0,"56":0,"57":0,"58":0,"59":0,"60":0,"61":0,"62":0,"63":0,"64":39,"65":106,"66":106,"67":0,"68":106},"f":{"0":39,"1":19,"2":36,"3":9,"4":2,"5":2,"6":27,"7":4,"8":2,"9":1,"10":4,"11":40,"12":6,"13":72,"14":0,"15":0,"16":106},"b":{"0":[0,4],"1":[4,0],"2":[0,0],"3":[36,116],"4":[6,0],"5":[6,2],"6":[6,2],"7":[6,2],"8":[6,2],"9":[0,0],"10":[0,106]},"meta":{"lastBranch":11,"lastFunction":17,"lastStatement":69,"seen":{"s:6:6:6:73":0,"f:8:16:8:29":0,"s:9:18:11:Infinity":1,"f:9:32:9:58":1,"s:10:4:10:Infinity":2,"s:13:24:13:80":3,"s:15:2:17:Infinity":4,"f:15:2:15:18":2,"s:16:4:16:Infinity":5,"s:19:8:22:8":6,"f:19:21:19:34":3,"s:20:20:20:54":7,"s:21:4:21:Infinity":8,"s:24:8:27:8":9,"f:24:24:24:37":4,"s:25:20:25:70":10,"s:26:4:26:Infinity":11,"s:29:8:32:8":12,"f:29:24:29:37":5,"s:30:20:30:61":13,"s:31:4:31:Infinity":14,"s:34:23:46:Infinity":15,"f:34:31:34:38":6,"s:35:4:45:Infinity":16,"f:35:41:35:48":7,"b:36:6:36:Infinity:undefined:undefined:undefined:undefined":0,"s:36:6:36:Infinity":17,"s:36:18:36:Infinity":18,"s:37:25:37:Infinity":19,"b:38:6:39:Infinity:undefined:undefined:undefined:undefined":1,"s:38:6:39:Infinity":20,"s:39:8:39:Infinity":21,"b:41:6:42:Infinity:undefined:undefined:undefined:undefined":2,"s:41:6:42:Infinity":22,"s:42:8:42:Infinity":23,"s:44:6:44:Infinity":24,"s:48:8:49:Infinity":25,"f:48:8:48:24":8,"s:49:4:49:Infinity":26,"s:52:8:53:Infinity":27,"f:52:8:52:29":9,"s:53:4:53:Infinity":28,"s:56:8:93:Infinity":29,"f:56:8:56:21":10,"s:57:20:61:6":30,"f:60:6:60:23":11,"s:60:28:60:Infinity":31,"s:63:31:88:Infinity":32,"f:63:44:63:49":12,"s:64:12:69:Infinity":33,"f:64:12:64:25":13,"s:65:8:67:Infinity":34,"s:66:32:66:98":35,"b:67:10:67:Infinity:undefined:undefined:undefined:undefined":3,"s:67:10:67:Infinity":36,"s:67:34:67:Infinity":37,"s:69:8:69:Infinity":38,"s:72:6:87:Infinity":39,"b:74:14:74:66:74:70:74:Infinity":4,"b:81:23:81:81:81:85:81:Infinity":5,"b:82:27:82:95:82:99:82:Infinity":6,"b:83:26:83:93:83:97:83:Infinity":7,"b:85:17:85:36:85:77:85:Infinity":8,"s:90:20:90:55":40,"s:91:20:91:44":41,"s:92:4:92:Infinity":42,"s:93:4:93:Infinity":43,"s:96:8:102:Infinity":44,"f:96:8:96:26":14,"s:97:16:97:42":45,"s:98:17:98:69":46,"s:99:17:99:44":47,"s:100:4:100:Infinity":48,"s:101:4:101:Infinity":49,"s:102:4:102:Infinity":50,"s:105:20:116:Infinity":51,"f:105:20:105:27":15,"s:106:20:106:54":52,"b:107:4:107:Infinity:undefined:undefined:undefined:undefined":9,"s:107:4:107:Infinity":53,"s:107:18:107:Infinity":54,"s:108:10:108:Infinity":55,"s:109:10:109:Infinity":56,"s:110:19:110:59":57,"s:111:20:111:49":58,"s:112:16:112:42":59,"s:113:21:113:53":60,"s:114:23:114:Infinity":61,"s:115:4:115:Infinity":62,"s:116:4:116:Infinity":63,"s:119:2:135:Infinity":64,"f:139:16:139:26":16,"s:140:8:140:41":65,"b:141:2:142:Infinity:undefined:undefined:undefined:undefined":10,"s:141:2:142:Infinity":66,"s:142:4:142:Infinity":67,"s:144:2:144:Infinity":68}}}
,"/home/italo/Projetos/InsightPro-Agricola/src/store/PageContext.tsx": {"path":"/home/italo/Projetos/InsightPro-Agricola/src/store/PageContext.tsx","statementMap":{"0":{"start":{"line":9,"column":6},"end":{"line":13,"column":2}},"1":{"start":{"line":16,"column":16},"end":{"line":16,"column":49}},"2":{"start":{"line":17,"column":19},"end":{"line":17,"column":46}},"3":{"start":{"line":19,"column":8},"end":{"line":21,"column":null}},"4":{"start":{"line":20,"column":4},"end":{"line":20,"column":null}},"5":{"start":{"line":21,"column":4},"end":{"line":21,"column":null}},"6":{"start":{"line":24,"column":2},"end":{"line":27,"column":null}},"7":{"start":{"line":32,"column":2},"end":{"line":32,"column":null}}},"fnMap":{"0":{"name":"(anonymous_0)","decl":{"start":{"line":12,"column":2},"end":{"line":12,"column":21}},"loc":{"start":{"line":12,"column":21},"end":{"line":12,"column":null}},"line":12},"1":{"name":"PageProvider","decl":{"start":{"line":15,"column":16},"end":{"line":15,"column":29}},"loc":{"start":{"line":15,"column":68},"end":{"line":27,"column":null}},"line":15},"2":{"name":"(anonymous_2)","decl":{"start":{"line":19,"column":8},"end":{"line":19,"column":23}},"loc":{"start":{"line":19,"column":48},"end":{"line":21,"column":null}},"line":19},"3":{"name":"usePage","decl":{"start":{"line":31,"column":16},"end":{"line":31,"column":26}},"loc":{"start":{"line":31,"column":26},"end":{"line":32,"column":null}},"line":31}},"branchMap":{},"s":{"0":1,"1":4,"2":4,"3":4,"4":0,"5":0,"6":4,"7":0},"f":{"0":0,"1":4,"2":0,"3":0},"b":{},"meta":{"lastBranch":0,"lastFunction":4,"lastStatement":8,"seen":{"s:9:6:13:2":0,"f:12:2:12:21":0,"f:15:16:15:29":1,"s:16:16:16:49":1,"s:17:19:17:46":2,"s:19:8:21:Infinity":3,"f:19:8:19:23":2,"s:20:4:20:Infinity":4,"s:21:4:21:Infinity":5,"s:24:2:27:Infinity":6,"f:31:16:31:26":3,"s:32:2:32:Infinity":7}}}
,"/home/italo/Projetos/InsightPro-Agricola/src/store/ThemeContext.tsx": {"path":"/home/italo/Projetos/InsightPro-Agricola/src/store/ThemeContext.tsx","statementMap":{"0":{"start":{"line":4,"column":6},"end":{"line":4,"column":75}},"1":{"start":{"line":7,"column":16},"end":{"line":10,"column":null}},"2":{"start":{"line":8,"column":18},"end":{"line":8,"column":47}},"3":{"start":{"line":9,"column":4},"end":{"line":9,"column":null}},"4":{"start":{"line":12,"column":2},"end":{"line":15,"column":null}},"5":{"start":{"line":13,"column":4},"end":{"line":13,"column":null}},"6":{"start":{"line":14,"column":4},"end":{"line":14,"column":null}},"7":{"start":{"line":17,"column":8},"end":{"line":18,"column":null}},"8":{"start":{"line":18,"column":4},"end":{"line":18,"column":null}},"9":{"start":{"line":18,"column":21},"end":{"line":18,"column":57}},"10":{"start":{"line":21,"column":2},"end":{"line":24,"column":null}},"11":{"start":{"line":29,"column":8},"end":{"line":29,"column":42}},"12":{"start":{"line":30,"column":2},"end":{"line":31,"column":null}},"13":{"start":{"line":31,"column":4},"end":{"line":31,"column":null}},"14":{"start":{"line":33,"column":2},"end":{"line":33,"column":null}}},"fnMap":{"0":{"name":"ThemeProvider","decl":{"start":{"line":6,"column":16},"end":{"line":6,"column":30}},"loc":{"start":{"line":6,"column":69},"end":{"line":24,"column":null}},"line":6},"1":{"name":"(anonymous_1)","decl":{"start":{"line":7,"column":28},"end":{"line":7,"column":61}},"loc":{"start":{"line":7,"column":61},"end":{"line":10,"column":null}},"line":7},"2":{"name":"(anonymous_2)","decl":{"start":{"line":12,"column":2},"end":{"line":12,"column":18}},"loc":{"start":{"line":12,"column":18},"end":{"line":15,"column":6}},"line":12},"3":{"name":"(anonymous_3)","decl":{"start":{"line":17,"column":8},"end":{"line":17,"column":28}},"loc":{"start":{"line":17,"column":28},"end":{"line":18,"column":null}},"line":17},"4":{"name":"(anonymous_4)","decl":{"start":{"line":18,"column":4},"end":{"line":18,"column":13}},"loc":{"start":{"line":18,"column":21},"end":{"line":18,"column":57}},"line":18},"5":{"name":"useTheme","decl":{"start":{"line":28,"column":16},"end":{"line":28,"column":27}},"loc":{"start":{"line":28,"column":27},"end":{"line":33,"column":null}},"line":28}},"branchMap":{"0":{"loc":{"start":{"line":9,"column":12},"end":{"line":9,"column":null}},"type":"binary-expr","locations":[{"start":{"line":9,"column":12},"end":{"line":9,"column":42}},{"start":{"line":9,"column":42},"end":{"line":9,"column":null}}],"line":9},"1":{"loc":{"start":{"line":18,"column":21},"end":{"line":18,"column":57}},"type":"cond-expr","locations":[{"start":{"line":18,"column":40},"end":{"line":18,"column":49}},{"start":{"line":18,"column":49},"end":{"line":18,"column":57}}],"line":18},"2":{"loc":{"start":{"line":30,"column":2},"end":{"line":31,"column":null}},"type":"if","locations":[{"start":{"line":30,"column":2},"end":{"line":31,"column":null}},{"start":{},"end":{}}],"line":30}},"s":{"0":1,"1":4,"2":4,"3":4,"4":4,"5":4,"6":4,"7":4,"8":0,"9":0,"10":4,"11":30,"12":30,"13":0,"14":30},"f":{"0":4,"1":4,"2":4,"3":0,"4":0,"5":30},"b":{"0":[4,4],"1":[0,0],"2":[0,30]},"meta":{"lastBranch":3,"lastFunction":6,"lastStatement":15,"seen":{"s:4:6:4:75":0,"f:6:16:6:30":0,"s:7:16:10:Infinity":1,"f:7:28:7:61":1,"s:8:18:8:47":2,"s:9:4:9:Infinity":3,"b:9:12:9:42:9:42:9:Infinity":0,"s:12:2:15:Infinity":4,"f:12:2:12:18":2,"s:13:4:13:Infinity":5,"s:14:4:14:Infinity":6,"s:17:8:18:Infinity":7,"f:17:8:17:28":3,"s:18:4:18:Infinity":8,"f:18:4:18:13":4,"s:18:21:18:57":9,"b:18:40:18:49:18:49:18:57":1,"s:21:2:24:Infinity":10,"f:28:16:28:27":5,"s:29:8:29:42":11,"b:30:2:31:Infinity:undefined:undefined:undefined:undefined":2,"s:30:2:31:Infinity":12,"s:31:4:31:Infinity":13,"s:33:2:33:Infinity":14}}}
}
